---------------------------------------------------------------
[ 2017-10-19T17:01:23+08:00 ] 127.0.0.1 127.0.0.1 GET /merchant
[ info ] oscshop2.com/merchant [运行时间：0.104006s][吞吐率：9.61req/s] [内存消耗：3,447.97kb] [文件加载：54]
[ info ] [ LANG ] D:\wamp64\www\dingsitong\thinkphp\lang\zh-cn.php
[ info ] [ ROUTE ] array (
  'type' => 'module',
  'module' => 
  array (
    0 => 'merchant',
    1 => NULL,
    2 => NULL,
  ),
)
[ info ] [ HEADER ] array (
  'host' => 'oscshop2.com',
  'connection' => 'keep-alive',
  'pragma' => 'no-cache',
  'cache-control' => 'no-cache',
  'upgrade-insecure-requests' => '1',
  'user-agent' => 'Mozilla/5.0 (Windows NT 6.1; WOW64) AppleWebKit/537.36 (KHTML, like Gecko) Chrome/61.0.3163.100 Safari/537.36',
  'accept' => 'text/html,application/xhtml+xml,application/xml;q=0.9,image/webp,image/apng,*/*;q=0.8',
  'accept-encoding' => 'gzip, deflate',
  'accept-language' => 'zh-CN,zh;q=0.8',
  'cookie' => 'PHPSESSID=4oe3i6uf5njp3pcp6k5bfan3v3; Hm_lvt_32e3cb4cf7e5c6772c4dc1f5d496b6af=1508203010; Hm_lpvt_32e3cb4cf7e5c6772c4dc1f5d496b6af=1508396252',
)
[ info ] [ PARAM ] array (
)
[ info ] [ CACHE ] INIT File
[ info ] [ DB ] INIT mysql
[ info ] [ RUN ] osc\merchant\controller\Index->index[ D:\wamp64\www\dingsitong\oscshop\merchant\controller\Index.php ]
[ info ] [ VIEW ] ./oscshop/merchant\view\index\index.html [ array (
) ]
[ info ] [ LOG ] INIT File
---------------------------------------------------------------
[ 2017-10-19T17:02:43+08:00 ] 127.0.0.1 127.0.0.1 GET /merchant
[ info ] oscshop2.com/merchant [运行时间：0.048003s][吞吐率：20.83req/s] [内存消耗：2,264.72kb] [文件加载：46]
[ info ] [ LANG ] D:\wamp64\www\dingsitong\thinkphp\lang\zh-cn.php
[ info ] [ ROUTE ] array (
  'type' => 'module',
  'module' => 
  array (
    0 => 'merchant',
    1 => NULL,
    2 => NULL,
  ),
)
[ info ] [ HEADER ] array (
  'host' => 'oscshop2.com',
  'connection' => 'keep-alive',
  'pragma' => 'no-cache',
  'cache-control' => 'no-cache',
  'upgrade-insecure-requests' => '1',
  'user-agent' => 'Mozilla/5.0 (Windows NT 6.1; WOW64) AppleWebKit/537.36 (KHTML, like Gecko) Chrome/61.0.3163.100 Safari/537.36',
  'accept' => 'text/html,application/xhtml+xml,application/xml;q=0.9,image/webp,image/apng,*/*;q=0.8',
  'accept-encoding' => 'gzip, deflate',
  'accept-language' => 'zh-CN,zh;q=0.8',
  'cookie' => 'PHPSESSID=4oe3i6uf5njp3pcp6k5bfan3v3; Hm_lvt_32e3cb4cf7e5c6772c4dc1f5d496b6af=1508203010; Hm_lpvt_32e3cb4cf7e5c6772c4dc1f5d496b6af=1508396252',
)
[ info ] [ PARAM ] array (
)
[ info ] [ CACHE ] INIT File
[ info ] [ RUN ] osc\merchant\controller\Index->index[ D:\wamp64\www\dingsitong\oscshop\merchant\controller\Index.php ]
[ info ] [ VIEW ] ./oscshop/merchant\view\index\index.html [ array (
) ]
[ info ] [ LOG ] INIT File
---------------------------------------------------------------
[ 2017-10-19T17:02:53+08:00 ] 127.0.0.1 127.0.0.1 GET /merchant
[ info ] oscshop2.com/merchant [运行时间：0.048003s][吞吐率：20.83req/s] [内存消耗：2,264.72kb] [文件加载：46]
[ info ] [ LANG ] D:\wamp64\www\dingsitong\thinkphp\lang\zh-cn.php
[ info ] [ ROUTE ] array (
  'type' => 'module',
  'module' => 
  array (
    0 => 'merchant',
    1 => NULL,
    2 => NULL,
  ),
)
[ info ] [ HEADER ] array (
  'host' => 'oscshop2.com',
  'connection' => 'keep-alive',
  'pragma' => 'no-cache',
  'cache-control' => 'no-cache',
  'upgrade-insecure-requests' => '1',
  'user-agent' => 'Mozilla/5.0 (Windows NT 6.1; WOW64) AppleWebKit/537.36 (KHTML, like Gecko) Chrome/61.0.3163.100 Safari/537.36',
  'accept' => 'text/html,application/xhtml+xml,application/xml;q=0.9,image/webp,image/apng,*/*;q=0.8',
  'accept-encoding' => 'gzip, deflate',
  'accept-language' => 'zh-CN,zh;q=0.8',
  'cookie' => 'PHPSESSID=4oe3i6uf5njp3pcp6k5bfan3v3; Hm_lvt_32e3cb4cf7e5c6772c4dc1f5d496b6af=1508203010; Hm_lpvt_32e3cb4cf7e5c6772c4dc1f5d496b6af=1508396252',
)
[ info ] [ PARAM ] array (
)
[ info ] [ CACHE ] INIT File
[ info ] [ RUN ] osc\merchant\controller\Index->index[ D:\wamp64\www\dingsitong\oscshop\merchant\controller\Index.php ]
[ info ] [ VIEW ] ./oscshop/merchant\view\index\index.html [ array (
) ]
[ info ] [ LOG ] INIT File
---------------------------------------------------------------
[ 2017-10-19T17:03:34+08:00 ] 127.0.0.1 127.0.0.1 GET /merchant
[ info ] oscshop2.com/merchant [运行时间：0.044003s][吞吐率：22.73req/s] [内存消耗：2,264.72kb] [文件加载：46]
[ info ] [ LANG ] D:\wamp64\www\dingsitong\thinkphp\lang\zh-cn.php
[ info ] [ ROUTE ] array (
  'type' => 'module',
  'module' => 
  array (
    0 => 'merchant',
    1 => NULL,
    2 => NULL,
  ),
)
[ info ] [ HEADER ] array (
  'host' => 'oscshop2.com',
  'connection' => 'keep-alive',
  'pragma' => 'no-cache',
  'cache-control' => 'no-cache',
  'upgrade-insecure-requests' => '1',
  'user-agent' => 'Mozilla/5.0 (Windows NT 6.1; WOW64) AppleWebKit/537.36 (KHTML, like Gecko) Chrome/61.0.3163.100 Safari/537.36',
  'accept' => 'text/html,application/xhtml+xml,application/xml;q=0.9,image/webp,image/apng,*/*;q=0.8',
  'accept-encoding' => 'gzip, deflate',
  'accept-language' => 'zh-CN,zh;q=0.8',
  'cookie' => 'PHPSESSID=4oe3i6uf5njp3pcp6k5bfan3v3; Hm_lvt_32e3cb4cf7e5c6772c4dc1f5d496b6af=1508203010; Hm_lpvt_32e3cb4cf7e5c6772c4dc1f5d496b6af=1508396252',
)
[ info ] [ PARAM ] array (
)
[ info ] [ CACHE ] INIT File
[ info ] [ RUN ] osc\merchant\controller\Index->index[ D:\wamp64\www\dingsitong\oscshop\merchant\controller\Index.php ]
[ info ] [ VIEW ] ./oscshop/merchant\view\index\index.html [ array (
) ]
[ info ] [ LOG ] INIT File
---------------------------------------------------------------
[ 2017-10-19T17:04:26+08:00 ] 127.0.0.1 127.0.0.1 GET /merchant
[ info ] oscshop2.com/merchant [运行时间：0.043003s][吞吐率：23.25req/s] [内存消耗：2,264.72kb] [文件加载：46]
[ info ] [ LANG ] D:\wamp64\www\dingsitong\thinkphp\lang\zh-cn.php
[ info ] [ ROUTE ] array (
  'type' => 'module',
  'module' => 
  array (
    0 => 'merchant',
    1 => NULL,
    2 => NULL,
  ),
)
[ info ] [ HEADER ] array (
  'host' => 'oscshop2.com',
  'connection' => 'keep-alive',
  'pragma' => 'no-cache',
  'cache-control' => 'no-cache',
  'upgrade-insecure-requests' => '1',
  'user-agent' => 'Mozilla/5.0 (Windows NT 6.1; WOW64) AppleWebKit/537.36 (KHTML, like Gecko) Chrome/61.0.3163.100 Safari/537.36',
  'accept' => 'text/html,application/xhtml+xml,application/xml;q=0.9,image/webp,image/apng,*/*;q=0.8',
  'accept-encoding' => 'gzip, deflate',
  'accept-language' => 'zh-CN,zh;q=0.8',
  'cookie' => 'PHPSESSID=4oe3i6uf5njp3pcp6k5bfan3v3; Hm_lvt_32e3cb4cf7e5c6772c4dc1f5d496b6af=1508203010; Hm_lpvt_32e3cb4cf7e5c6772c4dc1f5d496b6af=1508396252',
)
[ info ] [ PARAM ] array (
)
[ info ] [ CACHE ] INIT File
[ info ] [ RUN ] osc\merchant\controller\Index->index[ D:\wamp64\www\dingsitong\oscshop\merchant\controller\Index.php ]
[ info ] [ VIEW ] ./oscshop/merchant\view\index\index.html [ array (
) ]
[ info ] [ LOG ] INIT File
---------------------------------------------------------------
[ 2017-10-19T17:05:39+08:00 ] 127.0.0.1 127.0.0.1 GET /merchant
[ info ] oscshop2.com/merchant [运行时间：0.054003s][吞吐率：18.52req/s] [内存消耗：2,446.95kb] [文件加载：48]
[ info ] [ LANG ] D:\wamp64\www\dingsitong\thinkphp\lang\zh-cn.php
[ info ] [ ROUTE ] array (
  'type' => 'module',
  'module' => 
  array (
    0 => 'merchant',
    1 => NULL,
    2 => NULL,
  ),
)
[ info ] [ HEADER ] array (
  'host' => 'oscshop2.com',
  'connection' => 'keep-alive',
  'pragma' => 'no-cache',
  'cache-control' => 'no-cache',
  'upgrade-insecure-requests' => '1',
  'user-agent' => 'Mozilla/5.0 (Windows NT 6.1; WOW64) AppleWebKit/537.36 (KHTML, like Gecko) Chrome/61.0.3163.100 Safari/537.36',
  'accept' => 'text/html,application/xhtml+xml,application/xml;q=0.9,image/webp,image/apng,*/*;q=0.8',
  'accept-encoding' => 'gzip, deflate',
  'accept-language' => 'zh-CN,zh;q=0.8',
  'cookie' => 'PHPSESSID=4oe3i6uf5njp3pcp6k5bfan3v3; Hm_lvt_32e3cb4cf7e5c6772c4dc1f5d496b6af=1508203010; Hm_lpvt_32e3cb4cf7e5c6772c4dc1f5d496b6af=1508396252',
)
[ info ] [ PARAM ] array (
)
[ info ] [ CACHE ] INIT File
[ info ] [ RUN ] osc\merchant\controller\Index->index[ D:\wamp64\www\dingsitong\oscshop\merchant\controller\Index.php ]
[ info ] [ VIEW ] ./oscshop/merchant\view\index\index.html [ array (
) ]
[ info ] [ LOG ] INIT File
---------------------------------------------------------------
[ 2017-10-19T17:07:00+08:00 ] 127.0.0.1 127.0.0.1 GET /merchant
[ info ] oscshop2.com/merchant [运行时间：0.055003s][吞吐率：18.18req/s] [内存消耗：2,446.95kb] [文件加载：48]
[ info ] [ LANG ] D:\wamp64\www\dingsitong\thinkphp\lang\zh-cn.php
[ info ] [ ROUTE ] array (
  'type' => 'module',
  'module' => 
  array (
    0 => 'merchant',
    1 => NULL,
    2 => NULL,
  ),
)
[ info ] [ HEADER ] array (
  'host' => 'oscshop2.com',
  'connection' => 'keep-alive',
  'pragma' => 'no-cache',
  'cache-control' => 'no-cache',
  'upgrade-insecure-requests' => '1',
  'user-agent' => 'Mozilla/5.0 (Windows NT 6.1; WOW64) AppleWebKit/537.36 (KHTML, like Gecko) Chrome/61.0.3163.100 Safari/537.36',
  'accept' => 'text/html,application/xhtml+xml,application/xml;q=0.9,image/webp,image/apng,*/*;q=0.8',
  'accept-encoding' => 'gzip, deflate',
  'accept-language' => 'zh-CN,zh;q=0.8',
  'cookie' => 'PHPSESSID=4oe3i6uf5njp3pcp6k5bfan3v3; Hm_lvt_32e3cb4cf7e5c6772c4dc1f5d496b6af=1508203010; Hm_lpvt_32e3cb4cf7e5c6772c4dc1f5d496b6af=1508396252',
)
[ info ] [ PARAM ] array (
)
[ info ] [ CACHE ] INIT File
[ info ] [ RUN ] osc\merchant\controller\Index->index[ D:\wamp64\www\dingsitong\oscshop\merchant\controller\Index.php ]
[ info ] [ VIEW ] ./oscshop/merchant\view\index\index.html [ array (
) ]
[ info ] [ LOG ] INIT File
---------------------------------------------------------------
[ 2017-10-19T17:07:07+08:00 ] 127.0.0.1 127.0.0.1 GET /merchant
[ info ] oscshop2.com/merchant [运行时间：0.048003s][吞吐率：20.83req/s] [内存消耗：2,446.95kb] [文件加载：48]
[ info ] [ LANG ] D:\wamp64\www\dingsitong\thinkphp\lang\zh-cn.php
[ info ] [ ROUTE ] array (
  'type' => 'module',
  'module' => 
  array (
    0 => 'merchant',
    1 => NULL,
    2 => NULL,
  ),
)
[ info ] [ HEADER ] array (
  'host' => 'oscshop2.com',
  'connection' => 'keep-alive',
  'pragma' => 'no-cache',
  'cache-control' => 'no-cache',
  'upgrade-insecure-requests' => '1',
  'user-agent' => 'Mozilla/5.0 (Windows NT 6.1; WOW64) AppleWebKit/537.36 (KHTML, like Gecko) Chrome/61.0.3163.100 Safari/537.36',
  'accept' => 'text/html,application/xhtml+xml,application/xml;q=0.9,image/webp,image/apng,*/*;q=0.8',
  'accept-encoding' => 'gzip, deflate',
  'accept-language' => 'zh-CN,zh;q=0.8',
  'cookie' => 'PHPSESSID=4oe3i6uf5njp3pcp6k5bfan3v3; Hm_lvt_32e3cb4cf7e5c6772c4dc1f5d496b6af=1508203010; Hm_lpvt_32e3cb4cf7e5c6772c4dc1f5d496b6af=1508396252',
)
[ info ] [ PARAM ] array (
)
[ info ] [ CACHE ] INIT File
[ info ] [ RUN ] osc\merchant\controller\Index->index[ D:\wamp64\www\dingsitong\oscshop\merchant\controller\Index.php ]
[ info ] [ VIEW ] ./oscshop/merchant\view\index\index.html [ array (
) ]
[ info ] [ LOG ] INIT File
---------------------------------------------------------------
[ 2017-10-19T17:07:18+08:00 ] 127.0.0.1 127.0.0.1 GET /admin/module/index
[ info ] oscshop2.com/admin/module/index [运行时间：0.120007s][吞吐率：8.33req/s] [内存消耗：3,686.46kb] [文件加载：59]
[ info ] [ LANG ] D:\wamp64\www\dingsitong\thinkphp\lang\zh-cn.php
[ info ] [ ROUTE ] array (
  'type' => 'module',
  'module' => 
  array (
    0 => 'admin',
    1 => 'module',
    2 => 'index',
  ),
)
[ info ] [ HEADER ] array (
  'host' => 'oscshop2.com',
  'connection' => 'keep-alive',
  'pragma' => 'no-cache',
  'cache-control' => 'no-cache',
  'upgrade-insecure-requests' => '1',
  'user-agent' => 'Mozilla/5.0 (Windows NT 6.1; WOW64) AppleWebKit/537.36 (KHTML, like Gecko) Chrome/61.0.3163.100 Safari/537.36',
  'accept' => 'text/html,application/xhtml+xml,application/xml;q=0.9,image/webp,image/apng,*/*;q=0.8',
  'referer' => 'http://oscshop2.com/admin/module/index',
  'accept-encoding' => 'gzip, deflate',
  'accept-language' => 'zh-CN,zh;q=0.8',
  'cookie' => 'PHPSESSID=4oe3i6uf5njp3pcp6k5bfan3v3; Hm_lvt_32e3cb4cf7e5c6772c4dc1f5d496b6af=1508203010; Hm_lpvt_32e3cb4cf7e5c6772c4dc1f5d496b6af=1508396252',
)
[ info ] [ PARAM ] array (
)
[ info ] [ CACHE ] INIT File
[ info ] [ SESSION ] INIT array (
  'type' => '',
  'auto_start' => true,
)
[ info ] [ DB ] INIT mysql
[ info ] [ RUN ] osc\admin\controller\Module->index[ D:\wamp64\www\dingsitong\oscshop\admin\controller\Module.php ]
[ info ] [ VIEW ] ./oscshop/admin\view\module\index.html [ array (
  0 => 'admin_menu',
  1 => 'list',
  2 => 'breadcrumb1',
  3 => 'breadcrumb2',
) ]
[ info ] [ LOG ] INIT File
---------------------------------------------------------------
[ 2017-10-19T17:13:11+08:00 ] 127.0.0.1 127.0.0.1 GET /merchant
[ info ] oscshop2.com/merchant [运行时间：0.080005s][吞吐率：12.50req/s] [内存消耗：3,448.47kb] [文件加载：54]
[ info ] [ LANG ] D:\wamp64\www\dingsitong\thinkphp\lang\zh-cn.php
[ info ] [ ROUTE ] array (
  'type' => 'module',
  'module' => 
  array (
    0 => 'merchant',
    1 => NULL,
    2 => NULL,
  ),
)
[ info ] [ HEADER ] array (
  'host' => 'oscshop2.com',
  'connection' => 'keep-alive',
  'pragma' => 'no-cache',
  'cache-control' => 'no-cache',
  'upgrade-insecure-requests' => '1',
  'user-agent' => 'Mozilla/5.0 (Windows NT 6.1; WOW64) AppleWebKit/537.36 (KHTML, like Gecko) Chrome/61.0.3163.100 Safari/537.36',
  'accept' => 'text/html,application/xhtml+xml,application/xml;q=0.9,image/webp,image/apng,*/*;q=0.8',
  'accept-encoding' => 'gzip, deflate',
  'accept-language' => 'zh-CN,zh;q=0.8',
  'cookie' => 'PHPSESSID=4oe3i6uf5njp3pcp6k5bfan3v3; Hm_lvt_32e3cb4cf7e5c6772c4dc1f5d496b6af=1508203010; Hm_lpvt_32e3cb4cf7e5c6772c4dc1f5d496b6af=1508396252',
)
[ info ] [ PARAM ] array (
)
[ info ] [ CACHE ] INIT File
[ info ] [ DB ] INIT mysql
[ info ] [ RUN ] osc\merchant\controller\Index->index[ D:\wamp64\www\dingsitong\oscshop\merchant\controller\Index.php ]
[ info ] [ VIEW ] ./oscshop/merchant\view\index\index.html [ array (
) ]
[ info ] [ LOG ] INIT File
---------------------------------------------------------------
[ 2017-10-19T17:17:01+08:00 ] 127.0.0.1 127.0.0.1 GET /merchant
[ info ] oscshop2.com/merchant [运行时间：0.049003s][吞吐率：20.41req/s] [内存消耗：2,264.72kb] [文件加载：46]
[ info ] [ LANG ] D:\wamp64\www\dingsitong\thinkphp\lang\zh-cn.php
[ info ] [ ROUTE ] array (
  'type' => 'module',
  'module' => 
  array (
    0 => 'merchant',
    1 => NULL,
    2 => NULL,
  ),
)
[ info ] [ HEADER ] array (
  'host' => 'oscshop2.com',
  'connection' => 'keep-alive',
  'pragma' => 'no-cache',
  'cache-control' => 'no-cache',
  'upgrade-insecure-requests' => '1',
  'user-agent' => 'Mozilla/5.0 (Windows NT 6.1; WOW64) AppleWebKit/537.36 (KHTML, like Gecko) Chrome/61.0.3163.100 Safari/537.36',
  'accept' => 'text/html,application/xhtml+xml,application/xml;q=0.9,image/webp,image/apng,*/*;q=0.8',
  'accept-encoding' => 'gzip, deflate',
  'accept-language' => 'zh-CN,zh;q=0.8',
  'cookie' => 'PHPSESSID=4oe3i6uf5njp3pcp6k5bfan3v3; Hm_lvt_32e3cb4cf7e5c6772c4dc1f5d496b6af=1508203010; Hm_lpvt_32e3cb4cf7e5c6772c4dc1f5d496b6af=1508396252',
)
[ info ] [ PARAM ] array (
)
[ info ] [ CACHE ] INIT File
[ info ] [ RUN ] osc\merchant\controller\Index->index[ D:\wamp64\www\dingsitong\oscshop\merchant\controller\Index.php ]
[ info ] [ VIEW ] ./oscshop/merchant\view\index\index.html [ array (
) ]
[ info ] [ LOG ] INIT File
---------------------------------------------------------------
[ 2017-10-19T17:17:44+08:00 ] 127.0.0.1 127.0.0.1 GET /merchant
[ info ] oscshop2.com/merchant [运行时间：0.058003s][吞吐率：17.24req/s] [内存消耗：2,264.72kb] [文件加载：46]
[ info ] [ LANG ] D:\wamp64\www\dingsitong\thinkphp\lang\zh-cn.php
[ info ] [ ROUTE ] array (
  'type' => 'module',
  'module' => 
  array (
    0 => 'merchant',
    1 => NULL,
    2 => NULL,
  ),
)
[ info ] [ HEADER ] array (
  'host' => 'oscshop2.com',
  'connection' => 'keep-alive',
  'pragma' => 'no-cache',
  'cache-control' => 'no-cache',
  'upgrade-insecure-requests' => '1',
  'user-agent' => 'Mozilla/5.0 (Windows NT 6.1; WOW64) AppleWebKit/537.36 (KHTML, like Gecko) Chrome/61.0.3163.100 Safari/537.36',
  'accept' => 'text/html,application/xhtml+xml,application/xml;q=0.9,image/webp,image/apng,*/*;q=0.8',
  'accept-encoding' => 'gzip, deflate',
  'accept-language' => 'zh-CN,zh;q=0.8',
  'cookie' => 'PHPSESSID=4oe3i6uf5njp3pcp6k5bfan3v3; Hm_lvt_32e3cb4cf7e5c6772c4dc1f5d496b6af=1508203010; Hm_lpvt_32e3cb4cf7e5c6772c4dc1f5d496b6af=1508396252',
)
[ info ] [ PARAM ] array (
)
[ info ] [ CACHE ] INIT File
[ info ] [ RUN ] osc\merchant\controller\Index->index[ D:\wamp64\www\dingsitong\oscshop\merchant\controller\Index.php ]
[ info ] [ VIEW ] ./oscshop/merchant\view\index\index.html [ array (
) ]
[ info ] [ LOG ] INIT File
---------------------------------------------------------------
[ 2017-10-19T17:18:24+08:00 ] 127.0.0.1 127.0.0.1 GET /merchant
[ info ] oscshop2.com/merchant [运行时间：0.059003s][吞吐率：16.95req/s] [内存消耗：2,513.77kb] [文件加载：52]
[ info ] [ LANG ] D:\wamp64\www\dingsitong\thinkphp\lang\zh-cn.php
[ info ] [ ROUTE ] array (
  'type' => 'module',
  'module' => 
  array (
    0 => 'merchant',
    1 => NULL,
    2 => NULL,
  ),
)
[ info ] [ HEADER ] array (
  'host' => 'oscshop2.com',
  'connection' => 'keep-alive',
  'pragma' => 'no-cache',
  'cache-control' => 'no-cache',
  'upgrade-insecure-requests' => '1',
  'user-agent' => 'Mozilla/5.0 (Windows NT 6.1; WOW64) AppleWebKit/537.36 (KHTML, like Gecko) Chrome/61.0.3163.100 Safari/537.36',
  'accept' => 'text/html,application/xhtml+xml,application/xml;q=0.9,image/webp,image/apng,*/*;q=0.8',
  'accept-encoding' => 'gzip, deflate',
  'accept-language' => 'zh-CN,zh;q=0.8',
  'cookie' => 'PHPSESSID=4oe3i6uf5njp3pcp6k5bfan3v3; Hm_lvt_32e3cb4cf7e5c6772c4dc1f5d496b6af=1508203010; Hm_lpvt_32e3cb4cf7e5c6772c4dc1f5d496b6af=1508396252',
)
[ info ] [ PARAM ] array (
)
[ info ] [ CACHE ] INIT File
[ info ] [ RUN ] osc\merchant\controller\Index->index[ D:\wamp64\www\dingsitong\oscshop\merchant\controller\Index.php ]
[ info ] [ VIEW ] ./oscshop/merchant\view\index\index.html [ array (
) ]
[ info ] [ LOG ] INIT File
[ error ] [8]未定义变量: order[D:\wamp64\www\dingsitong\runtime\temp\d4a262d90e8419ddb2e6ca0fe02e87b0.php:138]
---------------------------------------------------------------
[ 2017-10-19T17:19:55+08:00 ] 127.0.0.1 127.0.0.1 GET /merchant
[ info ] oscshop2.com/merchant [运行时间：0.043002s][吞吐率：23.25req/s] [内存消耗：2,266.04kb] [文件加载：46]
[ info ] [ LANG ] D:\wamp64\www\dingsitong\thinkphp\lang\zh-cn.php
[ info ] [ ROUTE ] array (
  'type' => 'module',
  'module' => 
  array (
    0 => 'merchant',
    1 => NULL,
    2 => NULL,
  ),
)
[ info ] [ HEADER ] array (
  'host' => 'oscshop2.com',
  'connection' => 'keep-alive',
  'pragma' => 'no-cache',
  'cache-control' => 'no-cache',
  'upgrade-insecure-requests' => '1',
  'user-agent' => 'Mozilla/5.0 (Windows NT 6.1; WOW64) AppleWebKit/537.36 (KHTML, like Gecko) Chrome/61.0.3163.100 Safari/537.36',
  'accept' => 'text/html,application/xhtml+xml,application/xml;q=0.9,image/webp,image/apng,*/*;q=0.8',
  'accept-encoding' => 'gzip, deflate',
  'accept-language' => 'zh-CN,zh;q=0.8',
  'cookie' => 'PHPSESSID=4oe3i6uf5njp3pcp6k5bfan3v3; Hm_lvt_32e3cb4cf7e5c6772c4dc1f5d496b6af=1508203010; Hm_lpvt_32e3cb4cf7e5c6772c4dc1f5d496b6af=1508396252',
)
[ info ] [ PARAM ] array (
)
[ info ] [ CACHE ] INIT File
[ info ] [ RUN ] osc\merchant\controller\Index->index[ D:\wamp64\www\dingsitong\oscshop\merchant\controller\Index.php ]
[ info ] [ VIEW ] ./oscshop/merchant\view\index\index.html [ array (
  0 => 'order',
) ]
[ info ] [ LOG ] INIT File
---------------------------------------------------------------
[ 2017-10-19T17:21:52+08:00 ] 127.0.0.1 127.0.0.1 GET /merchant
[ info ] oscshop2.com/merchant [运行时间：0.053003s][吞吐率：18.87req/s] [内存消耗：2,464.94kb] [文件加载：48]
[ info ] [ LANG ] D:\wamp64\www\dingsitong\thinkphp\lang\zh-cn.php
[ info ] [ ROUTE ] array (
  'type' => 'module',
  'module' => 
  array (
    0 => 'merchant',
    1 => NULL,
    2 => NULL,
  ),
)
[ info ] [ HEADER ] array (
  'host' => 'oscshop2.com',
  'connection' => 'keep-alive',
  'pragma' => 'no-cache',
  'cache-control' => 'no-cache',
  'upgrade-insecure-requests' => '1',
  'user-agent' => 'Mozilla/5.0 (Windows NT 6.1; WOW64) AppleWebKit/537.36 (KHTML, like Gecko) Chrome/61.0.3163.100 Safari/537.36',
  'accept' => 'text/html,application/xhtml+xml,application/xml;q=0.9,image/webp,image/apng,*/*;q=0.8',
  'accept-encoding' => 'gzip, deflate',
  'accept-language' => 'zh-CN,zh;q=0.8',
  'cookie' => 'PHPSESSID=4oe3i6uf5njp3pcp6k5bfan3v3; Hm_lvt_32e3cb4cf7e5c6772c4dc1f5d496b6af=1508203010; Hm_lpvt_32e3cb4cf7e5c6772c4dc1f5d496b6af=1508396252',
)
[ info ] [ PARAM ] array (
)
[ info ] [ CACHE ] INIT File
[ info ] [ RUN ] osc\merchant\controller\Index->index[ D:\wamp64\www\dingsitong\oscshop\merchant\controller\Index.php ]
[ info ] [ VIEW ] ./oscshop/merchant\view\index\index.html [ array (
  0 => 'breadcrumb1',
  1 => 'breadcrumb2',
  2 => 'order',
) ]
[ info ] [ LOG ] INIT File
---------------------------------------------------------------
[ 2017-10-19T17:23:14+08:00 ] 127.0.0.1 127.0.0.1 GET /merchant
[ info ] oscshop2.com/merchant [运行时间：0.051003s][吞吐率：19.61req/s] [内存消耗：2,464.94kb] [文件加载：48]
[ info ] [ LANG ] D:\wamp64\www\dingsitong\thinkphp\lang\zh-cn.php
[ info ] [ ROUTE ] array (
  'type' => 'module',
  'module' => 
  array (
    0 => 'merchant',
    1 => NULL,
    2 => NULL,
  ),
)
[ info ] [ HEADER ] array (
  'host' => 'oscshop2.com',
  'connection' => 'keep-alive',
  'pragma' => 'no-cache',
  'cache-control' => 'no-cache',
  'upgrade-insecure-requests' => '1',
  'user-agent' => 'Mozilla/5.0 (Windows NT 6.1; WOW64) AppleWebKit/537.36 (KHTML, like Gecko) Chrome/61.0.3163.100 Safari/537.36',
  'accept' => 'text/html,application/xhtml+xml,application/xml;q=0.9,image/webp,image/apng,*/*;q=0.8',
  'accept-encoding' => 'gzip, deflate',
  'accept-language' => 'zh-CN,zh;q=0.8',
  'cookie' => 'PHPSESSID=4oe3i6uf5njp3pcp6k5bfan3v3; Hm_lvt_32e3cb4cf7e5c6772c4dc1f5d496b6af=1508203010; Hm_lpvt_32e3cb4cf7e5c6772c4dc1f5d496b6af=1508396252',
)
[ info ] [ PARAM ] array (
)
[ info ] [ CACHE ] INIT File
[ info ] [ RUN ] osc\merchant\controller\Index->index[ D:\wamp64\www\dingsitong\oscshop\merchant\controller\Index.php ]
[ info ] [ VIEW ] ./oscshop/merchant\view\index\index.html [ array (
  0 => 'breadcrumb1',
  1 => 'breadcrumb2',
  2 => 'order',
) ]
[ info ] [ LOG ] INIT File
---------------------------------------------------------------
[ 2017-10-19T17:24:00+08:00 ] 127.0.0.1 127.0.0.1 GET /merchant
[ info ] oscshop2.com/merchant [运行时间：0.058003s][吞吐率：17.24req/s] [内存消耗：2,464.94kb] [文件加载：48]
[ info ] [ LANG ] D:\wamp64\www\dingsitong\thinkphp\lang\zh-cn.php
[ info ] [ ROUTE ] array (
  'type' => 'module',
  'module' => 
  array (
    0 => 'merchant',
    1 => NULL,
    2 => NULL,
  ),
)
[ info ] [ HEADER ] array (
  'host' => 'oscshop2.com',
  'connection' => 'keep-alive',
  'pragma' => 'no-cache',
  'cache-control' => 'no-cache',
  'upgrade-insecure-requests' => '1',
  'user-agent' => 'Mozilla/5.0 (Windows NT 6.1; WOW64) AppleWebKit/537.36 (KHTML, like Gecko) Chrome/61.0.3163.100 Safari/537.36',
  'accept' => 'text/html,application/xhtml+xml,application/xml;q=0.9,image/webp,image/apng,*/*;q=0.8',
  'accept-encoding' => 'gzip, deflate',
  'accept-language' => 'zh-CN,zh;q=0.8',
  'cookie' => 'PHPSESSID=4oe3i6uf5njp3pcp6k5bfan3v3; Hm_lvt_32e3cb4cf7e5c6772c4dc1f5d496b6af=1508203010; Hm_lpvt_32e3cb4cf7e5c6772c4dc1f5d496b6af=1508396252',
)
[ info ] [ PARAM ] array (
)
[ info ] [ CACHE ] INIT File
[ info ] [ RUN ] osc\merchant\controller\Index->index[ D:\wamp64\www\dingsitong\oscshop\merchant\controller\Index.php ]
[ info ] [ VIEW ] ./oscshop/merchant\view\index\index.html [ array (
  0 => 'breadcrumb1',
  1 => 'breadcrumb2',
  2 => 'order',
) ]
[ info ] [ LOG ] INIT File
---------------------------------------------------------------
[ 2017-10-19T17:24:05+08:00 ] 127.0.0.1 127.0.0.1 GET /merchant
[ info ] oscshop2.com/merchant [运行时间：0.046003s][吞吐率：21.74req/s] [内存消耗：2,464.94kb] [文件加载：48]
[ info ] [ LANG ] D:\wamp64\www\dingsitong\thinkphp\lang\zh-cn.php
[ info ] [ ROUTE ] array (
  'type' => 'module',
  'module' => 
  array (
    0 => 'merchant',
    1 => NULL,
    2 => NULL,
  ),
)
[ info ] [ HEADER ] array (
  'host' => 'oscshop2.com',
  'connection' => 'keep-alive',
  'pragma' => 'no-cache',
  'cache-control' => 'no-cache',
  'upgrade-insecure-requests' => '1',
  'user-agent' => 'Mozilla/5.0 (Windows NT 6.1; WOW64) AppleWebKit/537.36 (KHTML, like Gecko) Chrome/61.0.3163.100 Safari/537.36',
  'accept' => 'text/html,application/xhtml+xml,application/xml;q=0.9,image/webp,image/apng,*/*;q=0.8',
  'accept-encoding' => 'gzip, deflate',
  'accept-language' => 'zh-CN,zh;q=0.8',
  'cookie' => 'PHPSESSID=4oe3i6uf5njp3pcp6k5bfan3v3; Hm_lvt_32e3cb4cf7e5c6772c4dc1f5d496b6af=1508203010; Hm_lpvt_32e3cb4cf7e5c6772c4dc1f5d496b6af=1508396252',
)
[ info ] [ PARAM ] array (
)
[ info ] [ CACHE ] INIT File
[ info ] [ RUN ] osc\merchant\controller\Index->index[ D:\wamp64\www\dingsitong\oscshop\merchant\controller\Index.php ]
[ info ] [ VIEW ] ./oscshop/merchant\view\index\index.html [ array (
  0 => 'breadcrumb1',
  1 => 'breadcrumb2',
  2 => 'order',
) ]
[ info ] [ LOG ] INIT File
---------------------------------------------------------------
[ 2017-10-19T17:24:46+08:00 ] 127.0.0.1 127.0.0.1 GET /merchant
[ info ] oscshop2.com/merchant [运行时间：0.049003s][吞吐率：20.41req/s] [内存消耗：2,465.00kb] [文件加载：48]
[ info ] [ LANG ] D:\wamp64\www\dingsitong\thinkphp\lang\zh-cn.php
[ info ] [ ROUTE ] array (
  'type' => 'module',
  'module' => 
  array (
    0 => 'merchant',
    1 => NULL,
    2 => NULL,
  ),
)
[ info ] [ HEADER ] array (
  'host' => 'oscshop2.com',
  'connection' => 'keep-alive',
  'pragma' => 'no-cache',
  'cache-control' => 'no-cache',
  'upgrade-insecure-requests' => '1',
  'user-agent' => 'Mozilla/5.0 (Windows NT 6.1; WOW64) AppleWebKit/537.36 (KHTML, like Gecko) Chrome/61.0.3163.100 Safari/537.36',
  'accept' => 'text/html,application/xhtml+xml,application/xml;q=0.9,image/webp,image/apng,*/*;q=0.8',
  'accept-encoding' => 'gzip, deflate',
  'accept-language' => 'zh-CN,zh;q=0.8',
  'cookie' => 'PHPSESSID=4oe3i6uf5njp3pcp6k5bfan3v3; Hm_lvt_32e3cb4cf7e5c6772c4dc1f5d496b6af=1508203010; Hm_lpvt_32e3cb4cf7e5c6772c4dc1f5d496b6af=1508396252',
)
[ info ] [ PARAM ] array (
)
[ info ] [ CACHE ] INIT File
[ info ] [ RUN ] osc\merchant\controller\Index->index[ D:\wamp64\www\dingsitong\oscshop\merchant\controller\Index.php ]
[ info ] [ VIEW ] ./oscshop/merchant\view\index\index.html [ array (
  0 => 'breadcrumb1',
  1 => 'breadcrumb2',
  2 => 'order',
) ]
[ info ] [ LOG ] INIT File
---------------------------------------------------------------
[ 2017-10-19T17:25:19+08:00 ] 127.0.0.1 127.0.0.1 GET /merchant
[ info ] oscshop2.com/merchant [运行时间：0.041003s][吞吐率：24.39req/s] [内存消耗：2,464.98kb] [文件加载：48]
[ info ] [ LANG ] D:\wamp64\www\dingsitong\thinkphp\lang\zh-cn.php
[ info ] [ ROUTE ] array (
  'type' => 'module',
  'module' => 
  array (
    0 => 'merchant',
    1 => NULL,
    2 => NULL,
  ),
)
[ info ] [ HEADER ] array (
  'host' => 'oscshop2.com',
  'connection' => 'keep-alive',
  'pragma' => 'no-cache',
  'cache-control' => 'no-cache',
  'upgrade-insecure-requests' => '1',
  'user-agent' => 'Mozilla/5.0 (Windows NT 6.1; WOW64) AppleWebKit/537.36 (KHTML, like Gecko) Chrome/61.0.3163.100 Safari/537.36',
  'accept' => 'text/html,application/xhtml+xml,application/xml;q=0.9,image/webp,image/apng,*/*;q=0.8',
  'accept-encoding' => 'gzip, deflate',
  'accept-language' => 'zh-CN,zh;q=0.8',
  'cookie' => 'PHPSESSID=4oe3i6uf5njp3pcp6k5bfan3v3; Hm_lvt_32e3cb4cf7e5c6772c4dc1f5d496b6af=1508203010; Hm_lpvt_32e3cb4cf7e5c6772c4dc1f5d496b6af=1508396252',
)
[ info ] [ PARAM ] array (
)
[ info ] [ CACHE ] INIT File
[ info ] [ RUN ] osc\merchant\controller\Index->index[ D:\wamp64\www\dingsitong\oscshop\merchant\controller\Index.php ]
[ info ] [ VIEW ] ./oscshop/merchant\view\index\index.html [ array (
  0 => 'breadcrumb1',
  1 => 'breadcrumb2',
  2 => 'order',
) ]
[ info ] [ LOG ] INIT File
---------------------------------------------------------------
[ 2017-10-19T17:25:57+08:00 ] 127.0.0.1 127.0.0.1 GET /merchant
[ info ] oscshop2.com/merchant [运行时间：0.043003s][吞吐率：23.25req/s] [内存消耗：2,267.21kb] [文件加载：46]
[ info ] [ LANG ] D:\wamp64\www\dingsitong\thinkphp\lang\zh-cn.php
[ info ] [ ROUTE ] array (
  'type' => 'module',
  'module' => 
  array (
    0 => 'merchant',
    1 => NULL,
    2 => NULL,
  ),
)
[ info ] [ HEADER ] array (
  'host' => 'oscshop2.com',
  'connection' => 'keep-alive',
  'pragma' => 'no-cache',
  'cache-control' => 'no-cache',
  'upgrade-insecure-requests' => '1',
  'user-agent' => 'Mozilla/5.0 (Windows NT 6.1; WOW64) AppleWebKit/537.36 (KHTML, like Gecko) Chrome/61.0.3163.100 Safari/537.36',
  'accept' => 'text/html,application/xhtml+xml,application/xml;q=0.9,image/webp,image/apng,*/*;q=0.8',
  'accept-encoding' => 'gzip, deflate',
  'accept-language' => 'zh-CN,zh;q=0.8',
  'cookie' => 'PHPSESSID=4oe3i6uf5njp3pcp6k5bfan3v3; Hm_lvt_32e3cb4cf7e5c6772c4dc1f5d496b6af=1508203010; Hm_lpvt_32e3cb4cf7e5c6772c4dc1f5d496b6af=1508396252',
)
[ info ] [ PARAM ] array (
)
[ info ] [ CACHE ] INIT File
[ info ] [ RUN ] osc\merchant\controller\Index->index[ D:\wamp64\www\dingsitong\oscshop\merchant\controller\Index.php ]
[ info ] [ VIEW ] ./oscshop/merchant\view\index\index.html [ array (
  0 => 'breadcrumb1',
  1 => 'breadcrumb2',
  2 => 'order',
) ]
[ info ] [ LOG ] INIT File
---------------------------------------------------------------
[ 2017-10-19T17:27:18+08:00 ] 127.0.0.1 127.0.0.1 GET /merchant
[ info ] oscshop2.com/merchant [运行时间：0.048003s][吞吐率：20.83req/s] [内存消耗：2,267.21kb] [文件加载：46]
[ info ] [ LANG ] D:\wamp64\www\dingsitong\thinkphp\lang\zh-cn.php
[ info ] [ ROUTE ] array (
  'type' => 'module',
  'module' => 
  array (
    0 => 'merchant',
    1 => NULL,
    2 => NULL,
  ),
)
[ info ] [ HEADER ] array (
  'host' => 'oscshop2.com',
  'connection' => 'keep-alive',
  'pragma' => 'no-cache',
  'cache-control' => 'no-cache',
  'upgrade-insecure-requests' => '1',
  'user-agent' => 'Mozilla/5.0 (Windows NT 6.1; WOW64) AppleWebKit/537.36 (KHTML, like Gecko) Chrome/61.0.3163.100 Safari/537.36',
  'accept' => 'text/html,application/xhtml+xml,application/xml;q=0.9,image/webp,image/apng,*/*;q=0.8',
  'accept-encoding' => 'gzip, deflate',
  'accept-language' => 'zh-CN,zh;q=0.8',
  'cookie' => 'PHPSESSID=4oe3i6uf5njp3pcp6k5bfan3v3; Hm_lvt_32e3cb4cf7e5c6772c4dc1f5d496b6af=1508203010; Hm_lpvt_32e3cb4cf7e5c6772c4dc1f5d496b6af=1508396252',
)
[ info ] [ PARAM ] array (
)
[ info ] [ CACHE ] INIT File
[ info ] [ RUN ] osc\merchant\controller\Index->index[ D:\wamp64\www\dingsitong\oscshop\merchant\controller\Index.php ]
[ info ] [ VIEW ] ./oscshop/merchant\view\index\index.html [ array (
  0 => 'breadcrumb1',
  1 => 'breadcrumb2',
  2 => 'order',
) ]
[ info ] [ LOG ] INIT File
---------------------------------------------------------------
[ 2017-10-19T17:27:25+08:00 ] 127.0.0.1 127.0.0.1 GET /merchant
[ info ] oscshop2.com/merchant [运行时间：0.048003s][吞吐率：20.83req/s] [内存消耗：2,267.21kb] [文件加载：46]
[ info ] [ LANG ] D:\wamp64\www\dingsitong\thinkphp\lang\zh-cn.php
[ info ] [ ROUTE ] array (
  'type' => 'module',
  'module' => 
  array (
    0 => 'merchant',
    1 => NULL,
    2 => NULL,
  ),
)
[ info ] [ HEADER ] array (
  'host' => 'oscshop2.com',
  'connection' => 'keep-alive',
  'pragma' => 'no-cache',
  'cache-control' => 'no-cache',
  'upgrade-insecure-requests' => '1',
  'user-agent' => 'Mozilla/5.0 (Windows NT 6.1; WOW64) AppleWebKit/537.36 (KHTML, like Gecko) Chrome/61.0.3163.100 Safari/537.36',
  'accept' => 'text/html,application/xhtml+xml,application/xml;q=0.9,image/webp,image/apng,*/*;q=0.8',
  'accept-encoding' => 'gzip, deflate',
  'accept-language' => 'zh-CN,zh;q=0.8',
  'cookie' => 'PHPSESSID=4oe3i6uf5njp3pcp6k5bfan3v3; Hm_lvt_32e3cb4cf7e5c6772c4dc1f5d496b6af=1508203010; Hm_lpvt_32e3cb4cf7e5c6772c4dc1f5d496b6af=1508396252',
)
[ info ] [ PARAM ] array (
)
[ info ] [ CACHE ] INIT File
[ info ] [ RUN ] osc\merchant\controller\Index->index[ D:\wamp64\www\dingsitong\oscshop\merchant\controller\Index.php ]
[ info ] [ VIEW ] ./oscshop/merchant\view\index\index.html [ array (
  0 => 'breadcrumb1',
  1 => 'breadcrumb2',
  2 => 'order',
) ]
[ info ] [ LOG ] INIT File
---------------------------------------------------------------
[ 2017-10-19T17:28:02+08:00 ] 127.0.0.1 127.0.0.1 GET /merchant
[ info ] oscshop2.com/merchant [运行时间：0.044003s][吞吐率：22.73req/s] [内存消耗：2,267.21kb] [文件加载：46]
[ info ] [ LANG ] D:\wamp64\www\dingsitong\thinkphp\lang\zh-cn.php
[ info ] [ ROUTE ] array (
  'type' => 'module',
  'module' => 
  array (
    0 => 'merchant',
    1 => NULL,
    2 => NULL,
  ),
)
[ info ] [ HEADER ] array (
  'host' => 'oscshop2.com',
  'connection' => 'keep-alive',
  'pragma' => 'no-cache',
  'cache-control' => 'no-cache',
  'upgrade-insecure-requests' => '1',
  'user-agent' => 'Mozilla/5.0 (Windows NT 6.1; WOW64) AppleWebKit/537.36 (KHTML, like Gecko) Chrome/61.0.3163.100 Safari/537.36',
  'accept' => 'text/html,application/xhtml+xml,application/xml;q=0.9,image/webp,image/apng,*/*;q=0.8',
  'accept-encoding' => 'gzip, deflate',
  'accept-language' => 'zh-CN,zh;q=0.8',
  'cookie' => 'PHPSESSID=4oe3i6uf5njp3pcp6k5bfan3v3; Hm_lvt_32e3cb4cf7e5c6772c4dc1f5d496b6af=1508203010; Hm_lpvt_32e3cb4cf7e5c6772c4dc1f5d496b6af=1508396252',
)
[ info ] [ PARAM ] array (
)
[ info ] [ CACHE ] INIT File
[ info ] [ RUN ] osc\merchant\controller\Index->index[ D:\wamp64\www\dingsitong\oscshop\merchant\controller\Index.php ]
[ info ] [ VIEW ] ./oscshop/merchant\view\index\index.html [ array (
  0 => 'breadcrumb1',
  1 => 'breadcrumb2',
  2 => 'order',
) ]
[ info ] [ LOG ] INIT File
---------------------------------------------------------------
[ 2017-10-19T17:29:08+08:00 ] 127.0.0.1 127.0.0.1 GET /merchant
[ info ] oscshop2.com/merchant [运行时间：0.044003s][吞吐率：22.73req/s] [内存消耗：2,464.98kb] [文件加载：48]
[ info ] [ LANG ] D:\wamp64\www\dingsitong\thinkphp\lang\zh-cn.php
[ info ] [ ROUTE ] array (
  'type' => 'module',
  'module' => 
  array (
    0 => 'merchant',
    1 => NULL,
    2 => NULL,
  ),
)
[ info ] [ HEADER ] array (
  'host' => 'oscshop2.com',
  'connection' => 'keep-alive',
  'pragma' => 'no-cache',
  'cache-control' => 'no-cache',
  'upgrade-insecure-requests' => '1',
  'user-agent' => 'Mozilla/5.0 (Windows NT 6.1; WOW64) AppleWebKit/537.36 (KHTML, like Gecko) Chrome/61.0.3163.100 Safari/537.36',
  'accept' => 'text/html,application/xhtml+xml,application/xml;q=0.9,image/webp,image/apng,*/*;q=0.8',
  'accept-encoding' => 'gzip, deflate',
  'accept-language' => 'zh-CN,zh;q=0.8',
  'cookie' => 'PHPSESSID=4oe3i6uf5njp3pcp6k5bfan3v3; Hm_lvt_32e3cb4cf7e5c6772c4dc1f5d496b6af=1508203010; Hm_lpvt_32e3cb4cf7e5c6772c4dc1f5d496b6af=1508396252',
)
[ info ] [ PARAM ] array (
)
[ info ] [ CACHE ] INIT File
[ info ] [ RUN ] osc\merchant\controller\Index->index[ D:\wamp64\www\dingsitong\oscshop\merchant\controller\Index.php ]
[ info ] [ VIEW ] ./oscshop/merchant\view\index\index.html [ array (
  0 => 'breadcrumb1',
  1 => 'breadcrumb2',
  2 => 'order',
) ]
[ info ] [ LOG ] INIT File
---------------------------------------------------------------
[ 2017-10-19T17:30:03+08:00 ] 127.0.0.1 127.0.0.1 GET /merchant
[ info ] oscshop2.com/merchant [运行时间：0.074004s][吞吐率：13.51req/s] [内存消耗：2,468.39kb] [文件加载：48]
[ info ] [ LANG ] D:\wamp64\www\dingsitong\thinkphp\lang\zh-cn.php
[ info ] [ ROUTE ] array (
  'type' => 'module',
  'module' => 
  array (
    0 => 'merchant',
    1 => NULL,
    2 => NULL,
  ),
)
[ info ] [ HEADER ] array (
  'host' => 'oscshop2.com',
  'connection' => 'keep-alive',
  'pragma' => 'no-cache',
  'cache-control' => 'no-cache',
  'upgrade-insecure-requests' => '1',
  'user-agent' => 'Mozilla/5.0 (Windows NT 6.1; WOW64) AppleWebKit/537.36 (KHTML, like Gecko) Chrome/61.0.3163.100 Safari/537.36',
  'accept' => 'text/html,application/xhtml+xml,application/xml;q=0.9,image/webp,image/apng,*/*;q=0.8',
  'accept-encoding' => 'gzip, deflate',
  'accept-language' => 'zh-CN,zh;q=0.8',
  'cookie' => 'PHPSESSID=4oe3i6uf5njp3pcp6k5bfan3v3; Hm_lvt_32e3cb4cf7e5c6772c4dc1f5d496b6af=1508203010; Hm_lpvt_32e3cb4cf7e5c6772c4dc1f5d496b6af=1508396252',
)
[ info ] [ PARAM ] array (
)
[ info ] [ CACHE ] INIT File
[ info ] [ RUN ] osc\merchant\controller\Index->index[ D:\wamp64\www\dingsitong\oscshop\merchant\controller\Index.php ]
[ info ] [ VIEW ] ./oscshop/merchant\view\index\index.html [ array (
  0 => 'breadcrumb1',
  1 => 'breadcrumb2',
  2 => 'order',
) ]
[ info ] [ LOG ] INIT File
---------------------------------------------------------------
[ 2017-10-19T17:31:09+08:00 ] 127.0.0.1 127.0.0.1 GET /merchant
[ info ] oscshop2.com/merchant [运行时间：0.054003s][吞吐率：18.52req/s] [内存消耗：2,468.39kb] [文件加载：48]
[ info ] [ LANG ] D:\wamp64\www\dingsitong\thinkphp\lang\zh-cn.php
[ info ] [ ROUTE ] array (
  'type' => 'module',
  'module' => 
  array (
    0 => 'merchant',
    1 => NULL,
    2 => NULL,
  ),
)
[ info ] [ HEADER ] array (
  'host' => 'oscshop2.com',
  'connection' => 'keep-alive',
  'pragma' => 'no-cache',
  'cache-control' => 'no-cache',
  'upgrade-insecure-requests' => '1',
  'user-agent' => 'Mozilla/5.0 (Windows NT 6.1; WOW64) AppleWebKit/537.36 (KHTML, like Gecko) Chrome/61.0.3163.100 Safari/537.36',
  'accept' => 'text/html,application/xhtml+xml,application/xml;q=0.9,image/webp,image/apng,*/*;q=0.8',
  'accept-encoding' => 'gzip, deflate',
  'accept-language' => 'zh-CN,zh;q=0.8',
  'cookie' => 'PHPSESSID=4oe3i6uf5njp3pcp6k5bfan3v3; Hm_lvt_32e3cb4cf7e5c6772c4dc1f5d496b6af=1508203010; Hm_lpvt_32e3cb4cf7e5c6772c4dc1f5d496b6af=1508396252',
)
[ info ] [ PARAM ] array (
)
[ info ] [ CACHE ] INIT File
[ info ] [ RUN ] osc\merchant\controller\Index->index[ D:\wamp64\www\dingsitong\oscshop\merchant\controller\Index.php ]
[ info ] [ VIEW ] ./oscshop/merchant\view\index\index.html [ array (
  0 => 'breadcrumb1',
  1 => 'breadcrumb2',
  2 => 'order',
) ]
[ info ] [ LOG ] INIT File
---------------------------------------------------------------
[ 2017-10-19T18:16:36+08:00 ] 127.0.0.1 127.0.0.1 GET /merchant
[ info ] oscshop2.com/merchant [运行时间：0.051003s][吞吐率：19.61req/s] [内存消耗：2,267.21kb] [文件加载：46]
[ info ] [ LANG ] D:\wamp64\www\dingsitong\thinkphp\lang\zh-cn.php
[ info ] [ ROUTE ] array (
  'type' => 'module',
  'module' => 
  array (
    0 => 'merchant',
    1 => NULL,
    2 => NULL,
  ),
)
[ info ] [ HEADER ] array (
  'host' => 'oscshop2.com',
  'connection' => 'keep-alive',
  'pragma' => 'no-cache',
  'cache-control' => 'no-cache',
  'upgrade-insecure-requests' => '1',
  'user-agent' => 'Mozilla/5.0 (Windows NT 6.1; WOW64) AppleWebKit/537.36 (KHTML, like Gecko) Chrome/61.0.3163.100 Safari/537.36',
  'accept' => 'text/html,application/xhtml+xml,application/xml;q=0.9,image/webp,image/apng,*/*;q=0.8',
  'accept-encoding' => 'gzip, deflate',
  'accept-language' => 'zh-CN,zh;q=0.8',
  'cookie' => 'PHPSESSID=4oe3i6uf5njp3pcp6k5bfan3v3; Hm_lvt_32e3cb4cf7e5c6772c4dc1f5d496b6af=1508203010; Hm_lpvt_32e3cb4cf7e5c6772c4dc1f5d496b6af=1508396252',
)
[ info ] [ PARAM ] array (
)
[ info ] [ CACHE ] INIT File
[ info ] [ RUN ] osc\merchant\controller\Index->index[ D:\wamp64\www\dingsitong\oscshop\merchant\controller\Index.php ]
[ info ] [ VIEW ] ./oscshop/merchant\view\index\index.html [ array (
  0 => 'breadcrumb1',
  1 => 'breadcrumb2',
  2 => 'order',
) ]
[ info ] [ LOG ] INIT File
---------------------------------------------------------------
[ 2017-10-19T18:16:40+08:00 ] 127.0.0.1 127.0.0.1 GET /admin/module/index
[ info ] oscshop2.com/admin/module/index [运行时间：0.105006s][吞吐率：9.52req/s] [内存消耗：3,472.99kb] [文件加载：57]
[ info ] [ LANG ] D:\wamp64\www\dingsitong\thinkphp\lang\zh-cn.php
[ info ] [ ROUTE ] array (
  'type' => 'module',
  'module' => 
  array (
    0 => 'admin',
    1 => 'module',
    2 => 'index',
  ),
)
[ info ] [ HEADER ] array (
  'host' => 'oscshop2.com',
  'connection' => 'keep-alive',
  'pragma' => 'no-cache',
  'cache-control' => 'no-cache',
  'upgrade-insecure-requests' => '1',
  'user-agent' => 'Mozilla/5.0 (Windows NT 6.1; WOW64) AppleWebKit/537.36 (KHTML, like Gecko) Chrome/61.0.3163.100 Safari/537.36',
  'accept' => 'text/html,application/xhtml+xml,application/xml;q=0.9,image/webp,image/apng,*/*;q=0.8',
  'referer' => 'http://oscshop2.com/admin/module/index',
  'accept-encoding' => 'gzip, deflate',
  'accept-language' => 'zh-CN,zh;q=0.8',
  'cookie' => 'PHPSESSID=4oe3i6uf5njp3pcp6k5bfan3v3; Hm_lvt_32e3cb4cf7e5c6772c4dc1f5d496b6af=1508203010; Hm_lpvt_32e3cb4cf7e5c6772c4dc1f5d496b6af=1508396252',
)
[ info ] [ PARAM ] array (
)
[ info ] [ CACHE ] INIT File
[ info ] [ SESSION ] INIT array (
  'type' => '',
  'auto_start' => true,
)
[ info ] [ DB ] INIT mysql
[ info ] [ RUN ] osc\admin\controller\Module->index[ D:\wamp64\www\dingsitong\oscshop\admin\controller\Module.php ]
[ info ] [ VIEW ] ./oscshop/admin\view\module\index.html [ array (
  0 => 'admin_menu',
  1 => 'list',
  2 => 'breadcrumb1',
  3 => 'breadcrumb2',
) ]
[ info ] [ LOG ] INIT File
---------------------------------------------------------------
[ 2017-10-19T18:16:41+08:00 ] 127.0.0.1 127.0.0.1 GET /admin/yinsheng/index
[ info ] oscshop2.com/admin/yinsheng/index [运行时间：0.088005s][吞吐率：11.36req/s] [内存消耗：3,639.48kb] [文件加载：53]
[ info ] [ LANG ] D:\wamp64\www\dingsitong\thinkphp\lang\zh-cn.php
[ info ] [ ROUTE ] array (
  'type' => 'module',
  'module' => 
  array (
    0 => 'admin',
    1 => 'yinsheng',
    2 => 'index',
  ),
)
[ info ] [ HEADER ] array (
  'host' => 'oscshop2.com',
  'connection' => 'keep-alive',
  'pragma' => 'no-cache',
  'cache-control' => 'no-cache',
  'upgrade-insecure-requests' => '1',
  'user-agent' => 'Mozilla/5.0 (Windows NT 6.1; WOW64) AppleWebKit/537.36 (KHTML, like Gecko) Chrome/61.0.3163.100 Safari/537.36',
  'accept' => 'text/html,application/xhtml+xml,application/xml;q=0.9,image/webp,image/apng,*/*;q=0.8',
  'referer' => 'http://oscshop2.com/admin/module/index',
  'accept-encoding' => 'gzip, deflate',
  'accept-language' => 'zh-CN,zh;q=0.8',
  'cookie' => 'PHPSESSID=4oe3i6uf5njp3pcp6k5bfan3v3; Hm_lvt_32e3cb4cf7e5c6772c4dc1f5d496b6af=1508203010; Hm_lpvt_32e3cb4cf7e5c6772c4dc1f5d496b6af=1508396252',
)
[ info ] [ PARAM ] array (
)
[ info ] [ CACHE ] INIT File
[ info ] [ DB ] INIT mysql
[ info ] [ SESSION ] INIT array (
  'type' => '',
  'auto_start' => true,
)
[ info ] [ RUN ] osc\admin\controller\Yinsheng->index[ D:\wamp64\www\dingsitong\oscshop\admin\controller\Yinsheng.php ]
[ info ] [ VIEW ] ./oscshop/admin\view\yinsheng\index.html [ array (
  0 => 'admin_menu',
  1 => 'breadcrumb1',
  2 => 'breadcrumb2',
  3 => 'order',
) ]
[ info ] [ LOG ] INIT File
---------------------------------------------------------------
[ 2017-10-19T18:17:37+08:00 ] 127.0.0.1 127.0.0.1 GET /admin/yinsheng/index
[ info ] oscshop2.com/admin/yinsheng/index [运行时间：0.068004s][吞吐率：14.71req/s] [内存消耗：2,670.67kb] [文件加载：48]
[ info ] [ LANG ] D:\wamp64\www\dingsitong\thinkphp\lang\zh-cn.php
[ info ] [ ROUTE ] array (
  'type' => 'module',
  'module' => 
  array (
    0 => 'admin',
    1 => 'yinsheng',
    2 => 'index',
  ),
)
[ info ] [ HEADER ] array (
  'host' => 'oscshop2.com',
  'connection' => 'keep-alive',
  'pragma' => 'no-cache',
  'cache-control' => 'no-cache',
  'upgrade-insecure-requests' => '1',
  'user-agent' => 'Mozilla/5.0 (Windows NT 6.1; WOW64) AppleWebKit/537.36 (KHTML, like Gecko) Chrome/61.0.3163.100 Safari/537.36',
  'accept' => 'text/html,application/xhtml+xml,application/xml;q=0.9,image/webp,image/apng,*/*;q=0.8',
  'referer' => 'http://oscshop2.com/admin/module/index',
  'accept-encoding' => 'gzip, deflate',
  'accept-language' => 'zh-CN,zh;q=0.8',
  'cookie' => 'PHPSESSID=4oe3i6uf5njp3pcp6k5bfan3v3; Hm_lvt_32e3cb4cf7e5c6772c4dc1f5d496b6af=1508203010; Hm_lpvt_32e3cb4cf7e5c6772c4dc1f5d496b6af=1508396252',
)
[ info ] [ PARAM ] array (
)
[ info ] [ CACHE ] INIT File
[ info ] [ SESSION ] INIT array (
  'type' => '',
  'auto_start' => true,
)
[ info ] [ DB ] INIT mysql
[ info ] [ RUN ] osc\admin\controller\Yinsheng->index[ D:\wamp64\www\dingsitong\oscshop\admin\controller\Yinsheng.php ]
[ info ] [ VIEW ] ./oscshop/admin\view\yinsheng\index.html [ array (
  0 => 'admin_menu',
  1 => 'breadcrumb1',
  2 => 'breadcrumb2',
  3 => 'order',
) ]
[ info ] [ LOG ] INIT File
---------------------------------------------------------------
[ 2017-10-19T18:17:39+08:00 ] 127.0.0.1 127.0.0.1 POST /admin/Yinsheng/get_scOrder
[ info ] oscshop2.com/admin/Yinsheng/get_scOrder [运行时间：0.068004s][吞吐率：14.71req/s] [内存消耗：2,620.20kb] [文件加载：49]
[ info ] [ LANG ] D:\wamp64\www\dingsitong\thinkphp\lang\zh-cn.php
[ info ] [ ROUTE ] array (
  'type' => 'module',
  'module' => 
  array (
    0 => 'admin',
    1 => 'Yinsheng',
    2 => 'get_scOrder',
  ),
)
[ info ] [ HEADER ] array (
  'host' => 'oscshop2.com',
  'connection' => 'keep-alive',
  'content-length' => '32',
  'pragma' => 'no-cache',
  'cache-control' => 'no-cache',
  'accept' => 'application/json, text/javascript, */*; q=0.01',
  'origin' => 'http://oscshop2.com',
  'x-requested-with' => 'XMLHttpRequest',
  'user-agent' => 'Mozilla/5.0 (Windows NT 6.1; WOW64) AppleWebKit/537.36 (KHTML, like Gecko) Chrome/61.0.3163.100 Safari/537.36',
  'content-type' => 'application/x-www-form-urlencoded; charset=UTF-8',
  'referer' => 'http://oscshop2.com/admin/yinsheng/index',
  'accept-encoding' => 'gzip, deflate',
  'accept-language' => 'zh-CN,zh;q=0.8',
  'cookie' => 'PHPSESSID=4oe3i6uf5njp3pcp6k5bfan3v3; Hm_lvt_32e3cb4cf7e5c6772c4dc1f5d496b6af=1508203010; Hm_lpvt_32e3cb4cf7e5c6772c4dc1f5d496b6af=1508396252',
)
[ info ] [ PARAM ] array (
  'cardNo' => '',
  'name' => '',
  'idCardNo' => '',
  'phoneNo' => '',
)
[ info ] [ CACHE ] INIT File
[ info ] [ SESSION ] INIT array (
  'type' => '',
  'auto_start' => true,
)
[ info ] [ DB ] INIT mysql
[ info ] [ RUN ] osc\admin\controller\Yinsheng->get_scOrder[ D:\wamp64\www\dingsitong\oscshop\admin\controller\Yinsheng.php ]
[ info ] [ LOG ] INIT File
[ error ] [0]类不存在:\osc\admin\service\Yinsheng[D:\wamp64\www\dingsitong\oscshop\helper.php:70]
---------------------------------------------------------------
[ 2017-10-19T18:18:12+08:00 ] 127.0.0.1 127.0.0.1 GET /admin/yinsheng/index
[ info ] oscshop2.com/admin/yinsheng/index [运行时间：0.079004s][吞吐率：12.66req/s] [内存消耗：2,670.67kb] [文件加载：48]
[ info ] [ LANG ] D:\wamp64\www\dingsitong\thinkphp\lang\zh-cn.php
[ info ] [ ROUTE ] array (
  'type' => 'module',
  'module' => 
  array (
    0 => 'admin',
    1 => 'yinsheng',
    2 => 'index',
  ),
)
[ info ] [ HEADER ] array (
  'host' => 'oscshop2.com',
  'connection' => 'keep-alive',
  'pragma' => 'no-cache',
  'cache-control' => 'no-cache',
  'upgrade-insecure-requests' => '1',
  'user-agent' => 'Mozilla/5.0 (Windows NT 6.1; WOW64) AppleWebKit/537.36 (KHTML, like Gecko) Chrome/61.0.3163.100 Safari/537.36',
  'accept' => 'text/html,application/xhtml+xml,application/xml;q=0.9,image/webp,image/apng,*/*;q=0.8',
  'referer' => 'http://oscshop2.com/admin/module/index',
  'accept-encoding' => 'gzip, deflate',
  'accept-language' => 'zh-CN,zh;q=0.8',
  'cookie' => 'PHPSESSID=4oe3i6uf5njp3pcp6k5bfan3v3; Hm_lvt_32e3cb4cf7e5c6772c4dc1f5d496b6af=1508203010; Hm_lpvt_32e3cb4cf7e5c6772c4dc1f5d496b6af=1508396252',
)
[ info ] [ PARAM ] array (
)
[ info ] [ CACHE ] INIT File
[ info ] [ SESSION ] INIT array (
  'type' => '',
  'auto_start' => true,
)
[ info ] [ DB ] INIT mysql
[ info ] [ RUN ] osc\admin\controller\Yinsheng->index[ D:\wamp64\www\dingsitong\oscshop\admin\controller\Yinsheng.php ]
[ info ] [ VIEW ] ./oscshop/admin\view\yinsheng\index.html [ array (
  0 => 'admin_menu',
  1 => 'breadcrumb1',
  2 => 'breadcrumb2',
  3 => 'order',
) ]
[ info ] [ LOG ] INIT File
---------------------------------------------------------------
[ 2017-10-19T18:18:16+08:00 ] 127.0.0.1 127.0.0.1 POST /admin/Yinsheng/get_scOrder
[ info ] oscshop2.com/admin/Yinsheng/get_scOrder [运行时间：0.080004s][吞吐率：12.50req/s] [内存消耗：2,654.05kb] [文件加载：50]
[ info ] [ LANG ] D:\wamp64\www\dingsitong\thinkphp\lang\zh-cn.php
[ info ] [ ROUTE ] array (
  'type' => 'module',
  'module' => 
  array (
    0 => 'admin',
    1 => 'Yinsheng',
    2 => 'get_scOrder',
  ),
)
[ info ] [ HEADER ] array (
  'host' => 'oscshop2.com',
  'connection' => 'keep-alive',
  'content-length' => '32',
  'pragma' => 'no-cache',
  'cache-control' => 'no-cache',
  'accept' => 'application/json, text/javascript, */*; q=0.01',
  'origin' => 'http://oscshop2.com',
  'x-requested-with' => 'XMLHttpRequest',
  'user-agent' => 'Mozilla/5.0 (Windows NT 6.1; WOW64) AppleWebKit/537.36 (KHTML, like Gecko) Chrome/61.0.3163.100 Safari/537.36',
  'content-type' => 'application/x-www-form-urlencoded; charset=UTF-8',
  'referer' => 'http://oscshop2.com/admin/yinsheng/index',
  'accept-encoding' => 'gzip, deflate',
  'accept-language' => 'zh-CN,zh;q=0.8',
  'cookie' => 'PHPSESSID=4oe3i6uf5njp3pcp6k5bfan3v3; Hm_lvt_32e3cb4cf7e5c6772c4dc1f5d496b6af=1508203010; Hm_lpvt_32e3cb4cf7e5c6772c4dc1f5d496b6af=1508396252',
)
[ info ] [ PARAM ] array (
  'cardNo' => '',
  'name' => '',
  'idCardNo' => '',
  'phoneNo' => '',
)
[ info ] [ CACHE ] INIT File
[ info ] [ SESSION ] INIT array (
  'type' => '',
  'auto_start' => true,
)
[ info ] [ DB ] INIT mysql
[ info ] [ RUN ] osc\admin\controller\Yinsheng->get_scOrder[ D:\wamp64\www\dingsitong\oscshop\admin\controller\Yinsheng.php ]
[ info ] [ LOG ] INIT File
[ error ] [0]类不存在:\osc\admin\service\Yinsheng[D:\wamp64\www\dingsitong\oscshop\helper.php:70]
---------------------------------------------------------------
[ 2017-10-19T18:19:03+08:00 ] 127.0.0.1 127.0.0.1 GET /admin/yinsheng/index
[ info ] oscshop2.com/admin/yinsheng/index [运行时间：0.088005s][吞吐率：11.36req/s] [内存消耗：2,670.67kb] [文件加载：48]
[ info ] [ LANG ] D:\wamp64\www\dingsitong\thinkphp\lang\zh-cn.php
[ info ] [ ROUTE ] array (
  'type' => 'module',
  'module' => 
  array (
    0 => 'admin',
    1 => 'yinsheng',
    2 => 'index',
  ),
)
[ info ] [ HEADER ] array (
  'host' => 'oscshop2.com',
  'connection' => 'keep-alive',
  'pragma' => 'no-cache',
  'cache-control' => 'no-cache',
  'upgrade-insecure-requests' => '1',
  'user-agent' => 'Mozilla/5.0 (Windows NT 6.1; WOW64) AppleWebKit/537.36 (KHTML, like Gecko) Chrome/61.0.3163.100 Safari/537.36',
  'accept' => 'text/html,application/xhtml+xml,application/xml;q=0.9,image/webp,image/apng,*/*;q=0.8',
  'referer' => 'http://oscshop2.com/admin/module/index',
  'accept-encoding' => 'gzip, deflate',
  'accept-language' => 'zh-CN,zh;q=0.8',
  'cookie' => 'PHPSESSID=4oe3i6uf5njp3pcp6k5bfan3v3; Hm_lvt_32e3cb4cf7e5c6772c4dc1f5d496b6af=1508203010; Hm_lpvt_32e3cb4cf7e5c6772c4dc1f5d496b6af=1508396252',
)
[ info ] [ PARAM ] array (
)
[ info ] [ CACHE ] INIT File
[ info ] [ SESSION ] INIT array (
  'type' => '',
  'auto_start' => true,
)
[ info ] [ DB ] INIT mysql
[ info ] [ RUN ] osc\admin\controller\Yinsheng->index[ D:\wamp64\www\dingsitong\oscshop\admin\controller\Yinsheng.php ]
[ info ] [ VIEW ] ./oscshop/admin\view\yinsheng\index.html [ array (
  0 => 'admin_menu',
  1 => 'breadcrumb1',
  2 => 'breadcrumb2',
  3 => 'order',
) ]
[ info ] [ LOG ] INIT File
---------------------------------------------------------------
[ 2017-10-19T18:19:05+08:00 ] 127.0.0.1 127.0.0.1 POST /admin/Yinsheng/get_scOrder
[ info ] oscshop2.com/admin/Yinsheng/get_scOrder [运行时间：0.156009s][吞吐率：6.41req/s] [内存消耗：2,582.78kb] [文件加载：46]
[ info ] [ LANG ] D:\wamp64\www\dingsitong\thinkphp\lang\zh-cn.php
[ info ] [ ROUTE ] array (
  'type' => 'module',
  'module' => 
  array (
    0 => 'admin',
    1 => 'Yinsheng',
    2 => 'get_scOrder',
  ),
)
[ info ] [ HEADER ] array (
  'host' => 'oscshop2.com',
  'connection' => 'keep-alive',
  'content-length' => '32',
  'pragma' => 'no-cache',
  'cache-control' => 'no-cache',
  'accept' => 'application/json, text/javascript, */*; q=0.01',
  'origin' => 'http://oscshop2.com',
  'x-requested-with' => 'XMLHttpRequest',
  'user-agent' => 'Mozilla/5.0 (Windows NT 6.1; WOW64) AppleWebKit/537.36 (KHTML, like Gecko) Chrome/61.0.3163.100 Safari/537.36',
  'content-type' => 'application/x-www-form-urlencoded; charset=UTF-8',
  'referer' => 'http://oscshop2.com/admin/yinsheng/index',
  'accept-encoding' => 'gzip, deflate',
  'accept-language' => 'zh-CN,zh;q=0.8',
  'cookie' => 'PHPSESSID=4oe3i6uf5njp3pcp6k5bfan3v3; Hm_lvt_32e3cb4cf7e5c6772c4dc1f5d496b6af=1508203010; Hm_lpvt_32e3cb4cf7e5c6772c4dc1f5d496b6af=1508396252',
)
[ info ] [ PARAM ] array (
  'cardNo' => '',
  'name' => '',
  'idCardNo' => '',
  'phoneNo' => '',
)
[ info ] [ CACHE ] INIT File
[ info ] [ SESSION ] INIT array (
  'type' => '',
  'auto_start' => true,
)
[ info ] [ DB ] INIT mysql
[ info ] [ RUN ] osc\admin\controller\Yinsheng->get_scOrder[ D:\wamp64\www\dingsitong\oscshop\admin\controller\Yinsheng.php ]
[ info ] [ LOG ] INIT File
---------------------------------------------------------------
[ 2017-10-19T18:19:51+08:00 ] 127.0.0.1 127.0.0.1 GET /admin/yinsheng/index
[ info ] oscshop2.com/admin/yinsheng/index [运行时间：0.068004s][吞吐率：14.71req/s] [内存消耗：2,670.67kb] [文件加载：48]
[ info ] [ LANG ] D:\wamp64\www\dingsitong\thinkphp\lang\zh-cn.php
[ info ] [ ROUTE ] array (
  'type' => 'module',
  'module' => 
  array (
    0 => 'admin',
    1 => 'yinsheng',
    2 => 'index',
  ),
)
[ info ] [ HEADER ] array (
  'host' => 'oscshop2.com',
  'connection' => 'keep-alive',
  'pragma' => 'no-cache',
  'cache-control' => 'no-cache',
  'upgrade-insecure-requests' => '1',
  'user-agent' => 'Mozilla/5.0 (Windows NT 6.1; WOW64) AppleWebKit/537.36 (KHTML, like Gecko) Chrome/61.0.3163.100 Safari/537.36',
  'accept' => 'text/html,application/xhtml+xml,application/xml;q=0.9,image/webp,image/apng,*/*;q=0.8',
  'referer' => 'http://oscshop2.com/admin/module/index',
  'accept-encoding' => 'gzip, deflate',
  'accept-language' => 'zh-CN,zh;q=0.8',
  'cookie' => 'PHPSESSID=4oe3i6uf5njp3pcp6k5bfan3v3; Hm_lvt_32e3cb4cf7e5c6772c4dc1f5d496b6af=1508203010; Hm_lpvt_32e3cb4cf7e5c6772c4dc1f5d496b6af=1508396252',
)
[ info ] [ PARAM ] array (
)
[ info ] [ CACHE ] INIT File
[ info ] [ SESSION ] INIT array (
  'type' => '',
  'auto_start' => true,
)
[ info ] [ DB ] INIT mysql
[ info ] [ RUN ] osc\admin\controller\Yinsheng->index[ D:\wamp64\www\dingsitong\oscshop\admin\controller\Yinsheng.php ]
[ info ] [ VIEW ] ./oscshop/admin\view\yinsheng\index.html [ array (
  0 => 'admin_menu',
  1 => 'breadcrumb1',
  2 => 'breadcrumb2',
  3 => 'order',
) ]
[ info ] [ LOG ] INIT File
