---------------------------------------------------------------
[ 2017-10-20T09:31:51+08:00 ] 127.0.0.1 127.0.0.1 GET /merchant/Index/index
[ info ] oscshop2.com/merchant/Index/index [运行时间：0.044002s][吞吐率：22.73req/s] [内存消耗：2,267.33kb] [文件加载：46]
[ info ] [ LANG ] D:\wamp64\www\dingsitong\thinkphp\lang\zh-cn.php
[ info ] [ ROUTE ] array (
  'type' => 'module',
  'module' => 
  array (
    0 => 'merchant',
    1 => 'Index',
    2 => 'index',
  ),
)
[ info ] [ HEADER ] array (
  'host' => 'oscshop2.com',
  'connection' => 'keep-alive',
  'pragma' => 'no-cache',
  'cache-control' => 'no-cache',
  'upgrade-insecure-requests' => '1',
  'user-agent' => 'Mozilla/5.0 (Windows NT 6.1; WOW64) AppleWebKit/537.36 (KHTML, like Gecko) Chrome/61.0.3163.100 Safari/537.36',
  'accept' => 'text/html,application/xhtml+xml,application/xml;q=0.9,image/webp,image/apng,*/*;q=0.8',
  'accept-encoding' => 'gzip, deflate',
  'accept-language' => 'zh-CN,zh;q=0.8',
  'cookie' => 'PHPSESSID=4oe3i6uf5njp3pcp6k5bfan3v3; Hm_lvt_32e3cb4cf7e5c6772c4dc1f5d496b6af=1508203010; Hm_lpvt_32e3cb4cf7e5c6772c4dc1f5d496b6af=1508396252',
)
[ info ] [ PARAM ] array (
)
[ info ] [ CACHE ] INIT File
[ info ] [ RUN ] osc\merchant\controller\Index->index[ D:\wamp64\www\dingsitong\oscshop\merchant\controller\Index.php ]
[ info ] [ VIEW ] ./oscshop/merchant\view\index\index.html [ array (
  0 => 'breadcrumb1',
  1 => 'breadcrumb2',
  2 => 'order',
) ]
[ info ] [ LOG ] INIT File
---------------------------------------------------------------
[ 2017-10-20T09:31:54+08:00 ] 127.0.0.1 127.0.0.1 GET /merchant/Index/index
[ info ] oscshop2.com/merchant/Index/index [运行时间：0.041003s][吞吐率：24.39req/s] [内存消耗：2,267.95kb] [文件加载：46]
[ info ] [ LANG ] D:\wamp64\www\dingsitong\thinkphp\lang\zh-cn.php
[ info ] [ ROUTE ] array (
  'type' => 'module',
  'module' => 
  array (
    0 => 'merchant',
    1 => 'Index',
    2 => 'index',
  ),
)
[ info ] [ HEADER ] array (
  'host' => 'oscshop2.com',
  'connection' => 'keep-alive',
  'pragma' => 'no-cache',
  'cache-control' => 'no-cache',
  'upgrade-insecure-requests' => '1',
  'user-agent' => 'Mozilla/5.0 (Windows NT 6.1; WOW64) AppleWebKit/537.36 (KHTML, like Gecko) Chrome/61.0.3163.100 Safari/537.36',
  'accept' => 'text/html,application/xhtml+xml,application/xml;q=0.9,image/webp,image/apng,*/*;q=0.8',
  'referer' => 'http://oscshop2.com/merchant/Index/index',
  'accept-encoding' => 'gzip, deflate',
  'accept-language' => 'zh-CN,zh;q=0.8',
  'cookie' => 'PHPSESSID=4oe3i6uf5njp3pcp6k5bfan3v3; Hm_lvt_32e3cb4cf7e5c6772c4dc1f5d496b6af=1508203010; Hm_lpvt_32e3cb4cf7e5c6772c4dc1f5d496b6af=1508396252',
)
[ info ] [ PARAM ] array (
)
[ info ] [ CACHE ] INIT File
[ info ] [ RUN ] osc\merchant\controller\Index->index[ D:\wamp64\www\dingsitong\oscshop\merchant\controller\Index.php ]
[ info ] [ VIEW ] ./oscshop/merchant\view\index\index.html [ array (
  0 => 'breadcrumb1',
  1 => 'breadcrumb2',
  2 => 'order',
) ]
[ info ] [ LOG ] INIT File
---------------------------------------------------------------
[ 2017-10-20T09:36:53+08:00 ] 127.0.0.1 127.0.0.1 GET /merchant/Index/index
[ info ] oscshop2.com/merchant/Index/index [运行时间：0.058003s][吞吐率：17.24req/s] [内存消耗：2,546.97kb] [文件加载：49]
[ info ] [ LANG ] D:\wamp64\www\dingsitong\thinkphp\lang\zh-cn.php
[ info ] [ ROUTE ] array (
  'type' => 'module',
  'module' => 
  array (
    0 => 'merchant',
    1 => 'Index',
    2 => 'index',
  ),
)
[ info ] [ HEADER ] array (
  'host' => 'oscshop2.com',
  'connection' => 'keep-alive',
  'pragma' => 'no-cache',
  'cache-control' => 'no-cache',
  'upgrade-insecure-requests' => '1',
  'user-agent' => 'Mozilla/5.0 (Windows NT 6.1; WOW64) AppleWebKit/537.36 (KHTML, like Gecko) Chrome/61.0.3163.100 Safari/537.36',
  'accept' => 'text/html,application/xhtml+xml,application/xml;q=0.9,image/webp,image/apng,*/*;q=0.8',
  'referer' => 'http://oscshop2.com/merchant/Index/index',
  'accept-encoding' => 'gzip, deflate',
  'accept-language' => 'zh-CN,zh;q=0.8',
  'cookie' => 'PHPSESSID=4oe3i6uf5njp3pcp6k5bfan3v3; Hm_lvt_32e3cb4cf7e5c6772c4dc1f5d496b6af=1508203010; Hm_lpvt_32e3cb4cf7e5c6772c4dc1f5d496b6af=1508396252',
)
[ info ] [ PARAM ] array (
)
[ info ] [ CACHE ] INIT File
[ info ] [ RUN ] osc\merchant\controller\Index->index[ D:\wamp64\www\dingsitong\oscshop\merchant\controller\Index.php ]
[ info ] [ VIEW ] ./oscshop/merchant\view\index\index.html [ array (
  0 => 'breadcrumb1',
  1 => 'breadcrumb2',
  2 => 'order',
) ]
[ info ] [ LOG ] INIT File
---------------------------------------------------------------
[ 2017-10-20T09:36:55+08:00 ] 127.0.0.1 127.0.0.1 GET /merchant/Index/index
[ info ] oscshop2.com/merchant/Index/index [运行时间：0.042003s][吞吐率：23.81req/s] [内存消耗：2,345.79kb] [文件加载：47]
[ info ] [ LANG ] D:\wamp64\www\dingsitong\thinkphp\lang\zh-cn.php
[ info ] [ ROUTE ] array (
  'type' => 'module',
  'module' => 
  array (
    0 => 'merchant',
    1 => 'Index',
    2 => 'index',
  ),
)
[ info ] [ HEADER ] array (
  'host' => 'oscshop2.com',
  'connection' => 'keep-alive',
  'pragma' => 'no-cache',
  'cache-control' => 'no-cache',
  'upgrade-insecure-requests' => '1',
  'user-agent' => 'Mozilla/5.0 (Windows NT 6.1; WOW64) AppleWebKit/537.36 (KHTML, like Gecko) Chrome/61.0.3163.100 Safari/537.36',
  'accept' => 'text/html,application/xhtml+xml,application/xml;q=0.9,image/webp,image/apng,*/*;q=0.8',
  'referer' => 'http://oscshop2.com/merchant/Index/index',
  'accept-encoding' => 'gzip, deflate',
  'accept-language' => 'zh-CN,zh;q=0.8',
  'cookie' => 'PHPSESSID=4oe3i6uf5njp3pcp6k5bfan3v3; Hm_lvt_32e3cb4cf7e5c6772c4dc1f5d496b6af=1508203010; Hm_lpvt_32e3cb4cf7e5c6772c4dc1f5d496b6af=1508396252',
)
[ info ] [ PARAM ] array (
)
[ info ] [ CACHE ] INIT File
[ info ] [ RUN ] osc\merchant\controller\Index->index[ D:\wamp64\www\dingsitong\oscshop\merchant\controller\Index.php ]
[ info ] [ VIEW ] ./oscshop/merchant\view\index\index.html [ array (
  0 => 'breadcrumb1',
  1 => 'breadcrumb2',
  2 => 'order',
) ]
[ info ] [ LOG ] INIT File
---------------------------------------------------------------
[ 2017-10-20T10:03:07+08:00 ] 127.0.0.1 127.0.0.1 GET /merchant/Index/index
[ info ] oscshop2.com/merchant/Index/index [运行时间：0.123007s][吞吐率：8.13req/s] [内存消耗：2,607.48kb] [文件加载：53]
[ info ] [ LANG ] D:\wamp64\www\dingsitong\thinkphp\lang\zh-cn.php
[ info ] [ ROUTE ] array (
  'type' => 'module',
  'module' => 
  array (
    0 => 'merchant',
    1 => 'Index',
    2 => 'index',
  ),
)
[ info ] [ HEADER ] array (
  'host' => 'oscshop2.com',
  'connection' => 'keep-alive',
  'pragma' => 'no-cache',
  'cache-control' => 'no-cache',
  'upgrade-insecure-requests' => '1',
  'user-agent' => 'Mozilla/5.0 (Windows NT 6.1; WOW64) AppleWebKit/537.36 (KHTML, like Gecko) Chrome/61.0.3163.100 Safari/537.36',
  'accept' => 'text/html,application/xhtml+xml,application/xml;q=0.9,image/webp,image/apng,*/*;q=0.8',
  'referer' => 'http://oscshop2.com/merchant/Index/index',
  'accept-encoding' => 'gzip, deflate',
  'accept-language' => 'zh-CN,zh;q=0.8',
  'cookie' => 'PHPSESSID=4oe3i6uf5njp3pcp6k5bfan3v3; Hm_lvt_32e3cb4cf7e5c6772c4dc1f5d496b6af=1508203010; Hm_lpvt_32e3cb4cf7e5c6772c4dc1f5d496b6af=1508396252',
)
[ info ] [ PARAM ] array (
)
[ info ] [ CACHE ] INIT File
[ info ] [ RUN ] osc\merchant\controller\Index->index[ D:\wamp64\www\dingsitong\oscshop\merchant\controller\Index.php ]
[ info ] [ VIEW ] ./oscshop/merchant\view\index\index.html [ array (
  0 => 'breadcrumb1',
  1 => 'breadcrumb2',
) ]
[ info ] [ LOG ] INIT File
[ error ] [8]未定义变量: order[D:\wamp64\www\dingsitong\runtime\temp\d4a262d90e8419ddb2e6ca0fe02e87b0.php:139]
---------------------------------------------------------------
[ 2017-10-20T10:05:41+08:00 ] 127.0.0.1 127.0.0.1 GET /merchant/Index/index
[ info ] oscshop2.com/merchant/Index/index [运行时间：0.048002s][吞吐率：20.83req/s] [内存消耗：2,540.12kb] [文件加载：49]
[ info ] [ LANG ] D:\wamp64\www\dingsitong\thinkphp\lang\zh-cn.php
[ info ] [ ROUTE ] array (
  'type' => 'module',
  'module' => 
  array (
    0 => 'merchant',
    1 => 'Index',
    2 => 'index',
  ),
)
[ info ] [ HEADER ] array (
  'host' => 'oscshop2.com',
  'connection' => 'keep-alive',
  'pragma' => 'no-cache',
  'cache-control' => 'no-cache',
  'upgrade-insecure-requests' => '1',
  'user-agent' => 'Mozilla/5.0 (Windows NT 6.1; WOW64) AppleWebKit/537.36 (KHTML, like Gecko) Chrome/61.0.3163.100 Safari/537.36',
  'accept' => 'text/html,application/xhtml+xml,application/xml;q=0.9,image/webp,image/apng,*/*;q=0.8',
  'referer' => 'http://oscshop2.com/merchant/Index/index',
  'accept-encoding' => 'gzip, deflate',
  'accept-language' => 'zh-CN,zh;q=0.8',
  'cookie' => 'PHPSESSID=4oe3i6uf5njp3pcp6k5bfan3v3; Hm_lvt_32e3cb4cf7e5c6772c4dc1f5d496b6af=1508203010; Hm_lpvt_32e3cb4cf7e5c6772c4dc1f5d496b6af=1508396252',
)
[ info ] [ PARAM ] array (
)
[ info ] [ CACHE ] INIT File
[ info ] [ RUN ] osc\merchant\controller\Index->index[ D:\wamp64\www\dingsitong\oscshop\merchant\controller\Index.php ]
[ info ] [ VIEW ] ./oscshop/merchant\view\index\index.html [ array (
  0 => 'breadcrumb1',
  1 => 'breadcrumb2',
) ]
[ info ] [ LOG ] INIT File
---------------------------------------------------------------
[ 2017-10-20T10:06:38+08:00 ] 127.0.0.1 127.0.0.1 GET /merchant/Daikou/index
[ info ] oscshop2.com/merchant/Daikou/index [运行时间：0.050003s][吞吐率：20.00req/s] [内存消耗：2,557.51kb] [文件加载：49]
[ info ] [ LANG ] D:\wamp64\www\dingsitong\thinkphp\lang\zh-cn.php
[ info ] [ ROUTE ] array (
  'type' => 'module',
  'module' => 
  array (
    0 => 'merchant',
    1 => 'Daikou',
    2 => 'index',
  ),
)
[ info ] [ HEADER ] array (
  'host' => 'oscshop2.com',
  'connection' => 'keep-alive',
  'pragma' => 'no-cache',
  'cache-control' => 'no-cache',
  'upgrade-insecure-requests' => '1',
  'user-agent' => 'Mozilla/5.0 (Windows NT 6.1; WOW64) AppleWebKit/537.36 (KHTML, like Gecko) Chrome/61.0.3163.100 Safari/537.36',
  'accept' => 'text/html,application/xhtml+xml,application/xml;q=0.9,image/webp,image/apng,*/*;q=0.8',
  'referer' => 'http://oscshop2.com/merchant/Index/index',
  'accept-encoding' => 'gzip, deflate',
  'accept-language' => 'zh-CN,zh;q=0.8',
  'cookie' => 'PHPSESSID=4oe3i6uf5njp3pcp6k5bfan3v3; Hm_lvt_32e3cb4cf7e5c6772c4dc1f5d496b6af=1508203010; Hm_lpvt_32e3cb4cf7e5c6772c4dc1f5d496b6af=1508396252',
)
[ info ] [ PARAM ] array (
)
[ info ] [ CACHE ] INIT File
[ info ] [ RUN ] osc\merchant\controller\Daikou->index[ D:\wamp64\www\dingsitong\oscshop\merchant\controller\Daikou.php ]
[ info ] [ VIEW ] ./oscshop/merchant\view\daikou\index.html [ array (
  0 => 'breadcrumb1',
  1 => 'breadcrumb2',
  2 => 'order',
) ]
[ info ] [ LOG ] INIT File
---------------------------------------------------------------
[ 2017-10-20T10:11:50+08:00 ] 127.0.0.1 127.0.0.1 GET /merchant/Daikou/index
[ info ] oscshop2.com/merchant/Daikou/index [运行时间：0.053003s][吞吐率：18.87req/s] [内存消耗：2,558.84kb] [文件加载：49]
[ info ] [ LANG ] D:\wamp64\www\dingsitong\thinkphp\lang\zh-cn.php
[ info ] [ ROUTE ] array (
  'type' => 'module',
  'module' => 
  array (
    0 => 'merchant',
    1 => 'Daikou',
    2 => 'index',
  ),
)
[ info ] [ HEADER ] array (
  'host' => 'oscshop2.com',
  'connection' => 'keep-alive',
  'pragma' => 'no-cache',
  'cache-control' => 'no-cache',
  'upgrade-insecure-requests' => '1',
  'user-agent' => 'Mozilla/5.0 (Windows NT 6.1; WOW64) AppleWebKit/537.36 (KHTML, like Gecko) Chrome/61.0.3163.100 Safari/537.36',
  'accept' => 'text/html,application/xhtml+xml,application/xml;q=0.9,image/webp,image/apng,*/*;q=0.8',
  'referer' => 'http://oscshop2.com/merchant/Index/index',
  'accept-encoding' => 'gzip, deflate',
  'accept-language' => 'zh-CN,zh;q=0.8',
  'cookie' => 'PHPSESSID=4oe3i6uf5njp3pcp6k5bfan3v3; Hm_lvt_32e3cb4cf7e5c6772c4dc1f5d496b6af=1508203010; Hm_lpvt_32e3cb4cf7e5c6772c4dc1f5d496b6af=1508396252',
)
[ info ] [ PARAM ] array (
)
[ info ] [ CACHE ] INIT File
[ info ] [ RUN ] osc\merchant\controller\Daikou->index[ D:\wamp64\www\dingsitong\oscshop\merchant\controller\Daikou.php ]
[ info ] [ VIEW ] ./oscshop/merchant\view\daikou\index.html [ array (
  0 => 'breadcrumb1',
  1 => 'breadcrumb2',
  2 => 'order',
) ]
[ info ] [ LOG ] INIT File
---------------------------------------------------------------
[ 2017-10-20T10:11:51+08:00 ] 127.0.0.1 127.0.0.1 POST /merchant/Daikou/get_sc_order
[ info ] oscshop2.com/merchant/Daikou/get_sc_order [运行时间：0.137008s][吞吐率：7.30req/s] [内存消耗：2,216.31kb] [文件加载：44]
[ info ] [ LANG ] D:\wamp64\www\dingsitong\thinkphp\lang\zh-cn.php
[ info ] [ ROUTE ] array (
  'type' => 'module',
  'module' => 
  array (
    0 => 'merchant',
    1 => 'Daikou',
    2 => 'get_sc_order',
  ),
)
[ info ] [ HEADER ] array (
  'host' => 'oscshop2.com',
  'connection' => 'keep-alive',
  'content-length' => '32',
  'pragma' => 'no-cache',
  'cache-control' => 'no-cache',
  'accept' => 'application/json, text/javascript, */*; q=0.01',
  'origin' => 'http://oscshop2.com',
  'x-requested-with' => 'XMLHttpRequest',
  'user-agent' => 'Mozilla/5.0 (Windows NT 6.1; WOW64) AppleWebKit/537.36 (KHTML, like Gecko) Chrome/61.0.3163.100 Safari/537.36',
  'content-type' => 'application/x-www-form-urlencoded; charset=UTF-8',
  'referer' => 'http://oscshop2.com/merchant/Daikou/index',
  'accept-encoding' => 'gzip, deflate',
  'accept-language' => 'zh-CN,zh;q=0.8',
  'cookie' => 'PHPSESSID=4oe3i6uf5njp3pcp6k5bfan3v3; Hm_lvt_32e3cb4cf7e5c6772c4dc1f5d496b6af=1508203010; Hm_lpvt_32e3cb4cf7e5c6772c4dc1f5d496b6af=1508396252',
)
[ info ] [ PARAM ] array (
  'cardNo' => '',
  'name' => '',
  'idCardNo' => '',
  'phoneNo' => '',
)
[ info ] [ CACHE ] INIT File
[ info ] [ RUN ] osc\merchant\controller\Daikou->get_sc_order[ D:\wamp64\www\dingsitong\oscshop\merchant\controller\Daikou.php ]
[ info ] [ LOG ] INIT File
---------------------------------------------------------------
[ 2017-10-20T10:27:10+08:00 ] 127.0.0.1 127.0.0.1 GET /merchant/Daikou/index
[ info ] oscshop2.com/merchant/Daikou/index [运行时间：0.052003s][吞吐率：19.23req/s] [内存消耗：2,567.61kb] [文件加载：49]
[ info ] [ LANG ] D:\wamp64\www\dingsitong\thinkphp\lang\zh-cn.php
[ info ] [ ROUTE ] array (
  'type' => 'module',
  'module' => 
  array (
    0 => 'merchant',
    1 => 'Daikou',
    2 => 'index',
  ),
)
[ info ] [ HEADER ] array (
  'host' => 'oscshop2.com',
  'connection' => 'keep-alive',
  'pragma' => 'no-cache',
  'cache-control' => 'no-cache',
  'upgrade-insecure-requests' => '1',
  'user-agent' => 'Mozilla/5.0 (Windows NT 6.1; WOW64) AppleWebKit/537.36 (KHTML, like Gecko) Chrome/61.0.3163.100 Safari/537.36',
  'accept' => 'text/html,application/xhtml+xml,application/xml;q=0.9,image/webp,image/apng,*/*;q=0.8',
  'referer' => 'http://oscshop2.com/merchant/Index/index',
  'accept-encoding' => 'gzip, deflate',
  'accept-language' => 'zh-CN,zh;q=0.8',
  'cookie' => 'PHPSESSID=4oe3i6uf5njp3pcp6k5bfan3v3; Hm_lvt_32e3cb4cf7e5c6772c4dc1f5d496b6af=1508203010; Hm_lpvt_32e3cb4cf7e5c6772c4dc1f5d496b6af=1508396252',
)
[ info ] [ PARAM ] array (
)
[ info ] [ CACHE ] INIT File
[ info ] [ RUN ] osc\merchant\controller\Daikou->index[ D:\wamp64\www\dingsitong\oscshop\merchant\controller\Daikou.php ]
[ info ] [ VIEW ] ./oscshop/merchant\view\daikou\index.html [ array (
  0 => 'breadcrumb1',
  1 => 'breadcrumb2',
  2 => 'order',
) ]
[ info ] [ LOG ] INIT File
---------------------------------------------------------------
[ 2017-10-20T10:29:03+08:00 ] 127.0.0.1 127.0.0.1 POST /merchant/Daikou/get_sc_order
[ info ] oscshop2.com/merchant/Daikou/get_sc_order [运行时间：0.124007s][吞吐率：8.06req/s] [内存消耗：2,225.05kb] [文件加载：44]
[ info ] [ LANG ] D:\wamp64\www\dingsitong\thinkphp\lang\zh-cn.php
[ info ] [ ROUTE ] array (
  'type' => 'module',
  'module' => 
  array (
    0 => 'merchant',
    1 => 'Daikou',
    2 => 'get_sc_order',
  ),
)
[ info ] [ HEADER ] array (
  'host' => 'oscshop2.com',
  'connection' => 'keep-alive',
  'content-length' => '32',
  'pragma' => 'no-cache',
  'cache-control' => 'no-cache',
  'accept' => 'application/json, text/javascript, */*; q=0.01',
  'origin' => 'http://oscshop2.com',
  'x-requested-with' => 'XMLHttpRequest',
  'user-agent' => 'Mozilla/5.0 (Windows NT 6.1; WOW64) AppleWebKit/537.36 (KHTML, like Gecko) Chrome/61.0.3163.100 Safari/537.36',
  'content-type' => 'application/x-www-form-urlencoded; charset=UTF-8',
  'referer' => 'http://oscshop2.com/merchant/Daikou/index',
  'accept-encoding' => 'gzip, deflate',
  'accept-language' => 'zh-CN,zh;q=0.8',
  'cookie' => 'PHPSESSID=4oe3i6uf5njp3pcp6k5bfan3v3; Hm_lvt_32e3cb4cf7e5c6772c4dc1f5d496b6af=1508203010; Hm_lpvt_32e3cb4cf7e5c6772c4dc1f5d496b6af=1508396252',
)
[ info ] [ PARAM ] array (
  'cardNo' => '',
  'name' => '',
  'idCardNo' => '',
  'phoneNo' => '',
)
[ info ] [ CACHE ] INIT File
[ info ] [ RUN ] osc\merchant\controller\Daikou->get_sc_order[ D:\wamp64\www\dingsitong\oscshop\merchant\controller\Daikou.php ]
[ info ] [ LOG ] INIT File
---------------------------------------------------------------
[ 2017-10-20T10:31:19+08:00 ] 127.0.0.1 127.0.0.1 POST /merchant/Daikou/get_sc_order
[ info ] oscshop2.com/merchant/Daikou/get_sc_order [运行时间：0.222013s][吞吐率：4.50req/s] [内存消耗：2,225.41kb] [文件加载：44]
[ info ] [ LANG ] D:\wamp64\www\dingsitong\thinkphp\lang\zh-cn.php
[ info ] [ ROUTE ] array (
  'type' => 'module',
  'module' => 
  array (
    0 => 'merchant',
    1 => 'Daikou',
    2 => 'get_sc_order',
  ),
)
[ info ] [ HEADER ] array (
  'host' => 'oscshop2.com',
  'connection' => 'keep-alive',
  'content-length' => '104',
  'pragma' => 'no-cache',
  'cache-control' => 'no-cache',
  'accept' => 'application/json, text/javascript, */*; q=0.01',
  'origin' => 'http://oscshop2.com',
  'x-requested-with' => 'XMLHttpRequest',
  'user-agent' => 'Mozilla/5.0 (Windows NT 6.1; WOW64) AppleWebKit/537.36 (KHTML, like Gecko) Chrome/61.0.3163.100 Safari/537.36',
  'content-type' => 'application/x-www-form-urlencoded; charset=UTF-8',
  'referer' => 'http://oscshop2.com/merchant/Daikou/index',
  'accept-encoding' => 'gzip, deflate',
  'accept-language' => 'zh-CN,zh;q=0.8',
  'cookie' => 'PHPSESSID=4oe3i6uf5njp3pcp6k5bfan3v3; Hm_lvt_32e3cb4cf7e5c6772c4dc1f5d496b6af=1508203010; Hm_lpvt_32e3cb4cf7e5c6772c4dc1f5d496b6af=1508396252',
)
[ info ] [ PARAM ] array (
  'cardNo' => '6214837846493702',
  'name' => '余统和',
  'idCardNo' => '450821198912055334',
  'phoneNo' => '15814695088',
)
[ info ] [ CACHE ] INIT File
[ info ] [ RUN ] osc\merchant\controller\Daikou->get_sc_order[ D:\wamp64\www\dingsitong\oscshop\merchant\controller\Daikou.php ]
[ info ] [ LOG ] INIT File
---------------------------------------------------------------
[ 2017-10-20T10:31:20+08:00 ] 127.0.0.1 127.0.0.1 POST /merchant/Daikou/daikou_pay
[ info ] oscshop2.com/merchant/Daikou/daikou_pay [运行时间：0.035002s][吞吐率：28.57req/s] [内存消耗：2,360.70kb] [文件加载：49]
[ info ] [ LANG ] D:\wamp64\www\dingsitong\thinkphp\lang\zh-cn.php
[ info ] [ ROUTE ] array (
  'type' => 'module',
  'module' => 
  array (
    0 => 'merchant',
    1 => 'Daikou',
    2 => 'daikou_pay',
  ),
)
[ info ] [ HEADER ] array (
  'host' => 'oscshop2.com',
  'connection' => 'keep-alive',
  'content-length' => '200',
  'pragma' => 'no-cache',
  'cache-control' => 'no-cache',
  'accept' => 'application/json, text/javascript, */*; q=0.01',
  'origin' => 'http://oscshop2.com',
  'x-requested-with' => 'XMLHttpRequest',
  'user-agent' => 'Mozilla/5.0 (Windows NT 6.1; WOW64) AppleWebKit/537.36 (KHTML, like Gecko) Chrome/61.0.3163.100 Safari/537.36',
  'content-type' => 'application/x-www-form-urlencoded; charset=UTF-8',
  'referer' => 'http://oscshop2.com/merchant/Daikou/index',
  'accept-encoding' => 'gzip, deflate',
  'accept-language' => 'zh-CN,zh;q=0.8',
  'cookie' => 'PHPSESSID=4oe3i6uf5njp3pcp6k5bfan3v3; Hm_lvt_32e3cb4cf7e5c6772c4dc1f5d496b6af=1508203010; Hm_lpvt_32e3cb4cf7e5c6772c4dc1f5d496b6af=1508396252',
)
[ info ] [ PARAM ] array (
  'cardNo' => '6214837846493702',
  'name' => '余统和',
  'idCardNo' => '450821198912055334',
  'phoneNo' => '15814695088',
  'amount' => '1',
  'purpose' => '测试',
  'subContractId' => '1204',
  'orderId' => '7535101210a6cdbcbca19d553be45ef8',
)
[ info ] [ CACHE ] INIT File
[ info ] [ RUN ] osc\merchant\controller\Daikou->daikou_pay[ D:\wamp64\www\dingsitong\oscshop\merchant\controller\Daikou.php ]
[ info ] [ LOG ] INIT File
[ error ] [0]致命错误: Cannot access protected property osc\admin\service\Yinsheng::$conf[D:\wamp64\www\dingsitong\oscshop\merchant\controller\Daikou.php:27]
---------------------------------------------------------------
[ 2017-10-20T10:45:22+08:00 ] 127.0.0.1 127.0.0.1 POST /merchant/Daikou/daikou_pay
[ info ] oscshop2.com/merchant/Daikou/daikou_pay [运行时间：0.126007s][吞吐率：7.94req/s] [内存消耗：3,261.96kb] [文件加载：53]
[ info ] [ LANG ] D:\wamp64\www\dingsitong\thinkphp\lang\zh-cn.php
[ info ] [ ROUTE ] array (
  'type' => 'module',
  'module' => 
  array (
    0 => 'merchant',
    1 => 'Daikou',
    2 => 'daikou_pay',
  ),
)
[ info ] [ HEADER ] array (
  'host' => 'oscshop2.com',
  'connection' => 'keep-alive',
  'content-length' => '200',
  'pragma' => 'no-cache',
  'cache-control' => 'no-cache',
  'accept' => 'application/json, text/javascript, */*; q=0.01',
  'origin' => 'http://oscshop2.com',
  'x-requested-with' => 'XMLHttpRequest',
  'user-agent' => 'Mozilla/5.0 (Windows NT 6.1; WOW64) AppleWebKit/537.36 (KHTML, like Gecko) Chrome/61.0.3163.100 Safari/537.36',
  'content-type' => 'application/x-www-form-urlencoded; charset=UTF-8',
  'referer' => 'http://oscshop2.com/merchant/Daikou/index',
  'accept-encoding' => 'gzip, deflate',
  'accept-language' => 'zh-CN,zh;q=0.8',
  'cookie' => 'PHPSESSID=4oe3i6uf5njp3pcp6k5bfan3v3; Hm_lvt_32e3cb4cf7e5c6772c4dc1f5d496b6af=1508203010; Hm_lpvt_32e3cb4cf7e5c6772c4dc1f5d496b6af=1508396252',
)
[ info ] [ PARAM ] array (
  'cardNo' => '6214837846493702',
  'name' => '余统和',
  'idCardNo' => '450821198912055334',
  'phoneNo' => '15814695088',
  'amount' => '1',
  'purpose' => '测试',
  'subContractId' => '1204',
  'orderId' => '7535101210a6cdbcbca19d553be45ef8',
)
[ info ] [ CACHE ] INIT File
[ info ] [ RUN ] osc\merchant\controller\Daikou->daikou_pay[ D:\wamp64\www\dingsitong\oscshop\merchant\controller\Daikou.php ]
[ info ] [ DB ] INIT mysql
[ info ] [ LOG ] INIT File
---------------------------------------------------------------
[ 2017-10-20T10:46:10+08:00 ] 127.0.0.1 127.0.0.1 POST /merchant/Daikou/daikou_pay
[ info ] oscshop2.com/merchant/Daikou/daikou_pay [运行时间：0.071004s][吞吐率：14.08req/s] [内存消耗：3,109.55kb] [文件加载：50]
[ info ] [ LANG ] D:\wamp64\www\dingsitong\thinkphp\lang\zh-cn.php
[ info ] [ ROUTE ] array (
  'type' => 'module',
  'module' => 
  array (
    0 => 'merchant',
    1 => 'Daikou',
    2 => 'daikou_pay',
  ),
)
[ info ] [ HEADER ] array (
  'host' => 'oscshop2.com',
  'connection' => 'keep-alive',
  'content-length' => '200',
  'pragma' => 'no-cache',
  'cache-control' => 'no-cache',
  'accept' => 'application/json, text/javascript, */*; q=0.01',
  'origin' => 'http://oscshop2.com',
  'x-requested-with' => 'XMLHttpRequest',
  'user-agent' => 'Mozilla/5.0 (Windows NT 6.1; WOW64) AppleWebKit/537.36 (KHTML, like Gecko) Chrome/61.0.3163.100 Safari/537.36',
  'content-type' => 'application/x-www-form-urlencoded; charset=UTF-8',
  'referer' => 'http://oscshop2.com/merchant/Daikou/index',
  'accept-encoding' => 'gzip, deflate',
  'accept-language' => 'zh-CN,zh;q=0.8',
  'cookie' => 'PHPSESSID=4oe3i6uf5njp3pcp6k5bfan3v3; Hm_lvt_32e3cb4cf7e5c6772c4dc1f5d496b6af=1508203010; Hm_lpvt_32e3cb4cf7e5c6772c4dc1f5d496b6af=1508396252',
)
[ info ] [ PARAM ] array (
  'cardNo' => '6214837846493702',
  'name' => '余统和',
  'idCardNo' => '450821198912055334',
  'phoneNo' => '15814695088',
  'amount' => '1',
  'purpose' => '测试',
  'subContractId' => '1204',
  'orderId' => '7535101210a6cdbcbca19d553be45ef8',
)
[ info ] [ CACHE ] INIT File
[ info ] [ RUN ] osc\merchant\controller\Daikou->daikou_pay[ D:\wamp64\www\dingsitong\oscshop\merchant\controller\Daikou.php ]
[ info ] [ DB ] INIT mysql
[ info ] [ LOG ] INIT File
---------------------------------------------------------------
[ 2017-10-20T10:54:21+08:00 ] 127.0.0.1 127.0.0.1 POST /merchant/Daikou/daikou_pay
[ info ] oscshop2.com/merchant/Daikou/daikou_pay [运行时间：0.064004s][吞吐率：15.62req/s] [内存消耗：2,370.30kb] [文件加载：50]
[ info ] [ LANG ] D:\wamp64\www\dingsitong\thinkphp\lang\zh-cn.php
[ info ] [ ROUTE ] array (
  'type' => 'module',
  'module' => 
  array (
    0 => 'merchant',
    1 => 'Daikou',
    2 => 'daikou_pay',
  ),
)
[ info ] [ HEADER ] array (
  'host' => 'oscshop2.com',
  'connection' => 'keep-alive',
  'content-length' => '105',
  'pragma' => 'no-cache',
  'cache-control' => 'no-cache',
  'accept' => 'application/json, text/javascript, */*; q=0.01',
  'origin' => 'http://oscshop2.com',
  'x-requested-with' => 'XMLHttpRequest',
  'user-agent' => 'Mozilla/5.0 (Windows NT 6.1; WOW64) AppleWebKit/537.36 (KHTML, like Gecko) Chrome/61.0.3163.100 Safari/537.36',
  'content-type' => 'application/x-www-form-urlencoded; charset=UTF-8',
  'referer' => 'http://oscshop2.com/merchant/Daikou/index',
  'accept-encoding' => 'gzip, deflate',
  'accept-language' => 'zh-CN,zh;q=0.8',
  'cookie' => 'PHPSESSID=4oe3i6uf5njp3pcp6k5bfan3v3; Hm_lvt_32e3cb4cf7e5c6772c4dc1f5d496b6af=1508203010; Hm_lpvt_32e3cb4cf7e5c6772c4dc1f5d496b6af=1508396252',
)
[ info ] [ PARAM ] array (
  'cardNo' => '',
  'name' => '',
  'idCardNo' => '',
  'phoneNo' => '',
  'amount' => '',
  'purpose' => '',
  'subContractId' => '',
  'orderId' => '7535101210a6cdbcbca19d553be45ef8',
)
[ info ] [ CACHE ] INIT File
[ info ] [ RUN ] osc\merchant\controller\Daikou->daikou_pay[ D:\wamp64\www\dingsitong\oscshop\merchant\controller\Daikou.php ]
[ info ] [ SESSION ] INIT array (
  'type' => '',
  'auto_start' => true,
)
[ info ] [ LOG ] INIT File
[ error ] [2]number_format() expects parameter 1 to be float, string given[D:\wamp64\www\dingsitong\oscshop\merchant\controller\Daikou.php:36]
---------------------------------------------------------------
[ 2017-10-20T10:54:23+08:00 ] 127.0.0.1 127.0.0.1 GET /merchant/Daikou/index
[ info ] oscshop2.com/merchant/Daikou/index [运行时间：0.067004s][吞吐率：14.92req/s] [内存消耗：2,362.52kb] [文件加载：47]
[ info ] [ LANG ] D:\wamp64\www\dingsitong\thinkphp\lang\zh-cn.php
[ info ] [ ROUTE ] array (
  'type' => 'module',
  'module' => 
  array (
    0 => 'merchant',
    1 => 'Daikou',
    2 => 'index',
  ),
)
[ info ] [ HEADER ] array (
  'host' => 'oscshop2.com',
  'connection' => 'keep-alive',
  'pragma' => 'no-cache',
  'cache-control' => 'no-cache',
  'upgrade-insecure-requests' => '1',
  'user-agent' => 'Mozilla/5.0 (Windows NT 6.1; WOW64) AppleWebKit/537.36 (KHTML, like Gecko) Chrome/61.0.3163.100 Safari/537.36',
  'accept' => 'text/html,application/xhtml+xml,application/xml;q=0.9,image/webp,image/apng,*/*;q=0.8',
  'referer' => 'http://oscshop2.com/merchant/Index/index',
  'accept-encoding' => 'gzip, deflate',
  'accept-language' => 'zh-CN,zh;q=0.8',
  'cookie' => 'PHPSESSID=4oe3i6uf5njp3pcp6k5bfan3v3; Hm_lvt_32e3cb4cf7e5c6772c4dc1f5d496b6af=1508203010; Hm_lpvt_32e3cb4cf7e5c6772c4dc1f5d496b6af=1508396252',
)
[ info ] [ PARAM ] array (
)
[ info ] [ CACHE ] INIT File
[ info ] [ RUN ] osc\merchant\controller\Daikou->index[ D:\wamp64\www\dingsitong\oscshop\merchant\controller\Daikou.php ]
[ info ] [ VIEW ] ./oscshop/merchant\view\daikou\index.html [ array (
  0 => 'breadcrumb1',
  1 => 'breadcrumb2',
  2 => 'order',
) ]
[ info ] [ LOG ] INIT File
---------------------------------------------------------------
[ 2017-10-20T10:54:28+08:00 ] 127.0.0.1 127.0.0.1 POST /merchant/Daikou/daikou_pay
[ info ] oscshop2.com/merchant/Daikou/daikou_pay [运行时间：0.048002s][吞吐率：20.83req/s] [内存消耗：2,295.56kb] [文件加载：45]
[ info ] [ LANG ] D:\wamp64\www\dingsitong\thinkphp\lang\zh-cn.php
[ info ] [ ROUTE ] array (
  'type' => 'module',
  'module' => 
  array (
    0 => 'merchant',
    1 => 'Daikou',
    2 => 'daikou_pay',
  ),
)
[ info ] [ HEADER ] array (
  'host' => 'oscshop2.com',
  'connection' => 'keep-alive',
  'content-length' => '105',
  'pragma' => 'no-cache',
  'cache-control' => 'no-cache',
  'accept' => 'application/json, text/javascript, */*; q=0.01',
  'origin' => 'http://oscshop2.com',
  'x-requested-with' => 'XMLHttpRequest',
  'user-agent' => 'Mozilla/5.0 (Windows NT 6.1; WOW64) AppleWebKit/537.36 (KHTML, like Gecko) Chrome/61.0.3163.100 Safari/537.36',
  'content-type' => 'application/x-www-form-urlencoded; charset=UTF-8',
  'referer' => 'http://oscshop2.com/merchant/Daikou/index',
  'accept-encoding' => 'gzip, deflate',
  'accept-language' => 'zh-CN,zh;q=0.8',
  'cookie' => 'PHPSESSID=4oe3i6uf5njp3pcp6k5bfan3v3; Hm_lvt_32e3cb4cf7e5c6772c4dc1f5d496b6af=1508203010; Hm_lpvt_32e3cb4cf7e5c6772c4dc1f5d496b6af=1508396252',
)
[ info ] [ PARAM ] array (
  'cardNo' => '',
  'name' => '',
  'idCardNo' => '',
  'phoneNo' => '',
  'amount' => '',
  'purpose' => '',
  'subContractId' => '',
  'orderId' => 'd1758601d31eae1502477d1431f524a7',
)
[ info ] [ CACHE ] INIT File
[ info ] [ RUN ] osc\merchant\controller\Daikou->daikou_pay[ D:\wamp64\www\dingsitong\oscshop\merchant\controller\Daikou.php ]
[ info ] [ SESSION ] INIT array (
  'type' => '',
  'auto_start' => true,
)
[ info ] [ LOG ] INIT File
---------------------------------------------------------------
[ 2017-10-20T10:56:53+08:00 ] 127.0.0.1 127.0.0.1 POST /merchant/Daikou/daikou_pay
[ info ] oscshop2.com/merchant/Daikou/daikou_pay [运行时间：0.045002s][吞吐率：22.22req/s] [内存消耗：1,721.01kb] [文件加载：34]
[ info ] [ LANG ] D:\wamp64\www\dingsitong\thinkphp\lang\zh-cn.php
[ info ] [ ROUTE ] array (
  'type' => 'module',
  'module' => 
  array (
    0 => 'merchant',
    1 => 'Daikou',
    2 => 'daikou_pay',
  ),
)
[ info ] [ HEADER ] array (
  'host' => 'oscshop2.com',
  'connection' => 'keep-alive',
  'content-length' => '105',
  'pragma' => 'no-cache',
  'cache-control' => 'no-cache',
  'accept' => 'application/json, text/javascript, */*; q=0.01',
  'origin' => 'http://oscshop2.com',
  'x-requested-with' => 'XMLHttpRequest',
  'user-agent' => 'Mozilla/5.0 (Windows NT 6.1; WOW64) AppleWebKit/537.36 (KHTML, like Gecko) Chrome/61.0.3163.100 Safari/537.36',
  'content-type' => 'application/x-www-form-urlencoded; charset=UTF-8',
  'referer' => 'http://oscshop2.com/merchant/Daikou/index',
  'accept-encoding' => 'gzip, deflate',
  'accept-language' => 'zh-CN,zh;q=0.8',
  'cookie' => 'PHPSESSID=4oe3i6uf5njp3pcp6k5bfan3v3; Hm_lvt_32e3cb4cf7e5c6772c4dc1f5d496b6af=1508203010; Hm_lpvt_32e3cb4cf7e5c6772c4dc1f5d496b6af=1508396252',
)
[ info ] [ PARAM ] array (
  'cardNo' => '',
  'name' => '',
  'idCardNo' => '',
  'phoneNo' => '',
  'amount' => '',
  'purpose' => '',
  'subContractId' => '',
  'orderId' => 'd1758601d31eae1502477d1431f524a7',
)
[ info ] [ LOG ] INIT File
[ error ] [0]语法解析错误: syntax error, unexpected ')'[D:\wamp64\www\dingsitong\oscshop\merchant\controller\Daikou.php:28]
---------------------------------------------------------------
[ 2017-10-20T11:06:26+08:00 ] 127.0.0.1 127.0.0.1 POST /merchant/Daikou/daikou_pay
[ info ] oscshop2.com/merchant/Daikou/daikou_pay [运行时间：0.050003s][吞吐率：20.00req/s] [内存消耗：2,200.28kb] [文件加载：43]
[ info ] [ LANG ] D:\wamp64\www\dingsitong\thinkphp\lang\zh-cn.php
[ info ] [ ROUTE ] array (
  'type' => 'module',
  'module' => 
  array (
    0 => 'merchant',
    1 => 'Daikou',
    2 => 'daikou_pay',
  ),
)
[ info ] [ HEADER ] array (
  'host' => 'oscshop2.com',
  'connection' => 'keep-alive',
  'content-length' => '105',
  'pragma' => 'no-cache',
  'cache-control' => 'no-cache',
  'accept' => 'application/json, text/javascript, */*; q=0.01',
  'origin' => 'http://oscshop2.com',
  'x-requested-with' => 'XMLHttpRequest',
  'user-agent' => 'Mozilla/5.0 (Windows NT 6.1; WOW64) AppleWebKit/537.36 (KHTML, like Gecko) Chrome/61.0.3163.100 Safari/537.36',
  'content-type' => 'application/x-www-form-urlencoded; charset=UTF-8',
  'referer' => 'http://oscshop2.com/merchant/Daikou/index',
  'accept-encoding' => 'gzip, deflate',
  'accept-language' => 'zh-CN,zh;q=0.8',
  'cookie' => 'PHPSESSID=4oe3i6uf5njp3pcp6k5bfan3v3; Hm_lvt_32e3cb4cf7e5c6772c4dc1f5d496b6af=1508203010; Hm_lpvt_32e3cb4cf7e5c6772c4dc1f5d496b6af=1508396252',
)
[ info ] [ PARAM ] array (
  'cardNo' => '',
  'name' => '',
  'idCardNo' => '',
  'phoneNo' => '',
  'amount' => '',
  'purpose' => '',
  'subContractId' => '',
  'orderId' => 'd1758601d31eae1502477d1431f524a7',
)
[ info ] [ CACHE ] INIT File
[ info ] [ RUN ] osc\merchant\controller\Daikou->daikou_pay[ D:\wamp64\www\dingsitong\oscshop\merchant\controller\Daikou.php ]
[ info ] [ LOG ] INIT File
---------------------------------------------------------------
[ 2017-10-20T11:06:30+08:00 ] 127.0.0.1 127.0.0.1 POST /merchant/Daikou/daikou_pay
[ info ] oscshop2.com/merchant/Daikou/daikou_pay [运行时间：0.047003s][吞吐率：21.28req/s] [内存消耗：2,200.28kb] [文件加载：43]
[ info ] [ LANG ] D:\wamp64\www\dingsitong\thinkphp\lang\zh-cn.php
[ info ] [ ROUTE ] array (
  'type' => 'module',
  'module' => 
  array (
    0 => 'merchant',
    1 => 'Daikou',
    2 => 'daikou_pay',
  ),
)
[ info ] [ HEADER ] array (
  'host' => 'oscshop2.com',
  'connection' => 'keep-alive',
  'content-length' => '105',
  'pragma' => 'no-cache',
  'cache-control' => 'no-cache',
  'accept' => 'application/json, text/javascript, */*; q=0.01',
  'origin' => 'http://oscshop2.com',
  'x-requested-with' => 'XMLHttpRequest',
  'user-agent' => 'Mozilla/5.0 (Windows NT 6.1; WOW64) AppleWebKit/537.36 (KHTML, like Gecko) Chrome/61.0.3163.100 Safari/537.36',
  'content-type' => 'application/x-www-form-urlencoded; charset=UTF-8',
  'referer' => 'http://oscshop2.com/merchant/Daikou/index',
  'accept-encoding' => 'gzip, deflate',
  'accept-language' => 'zh-CN,zh;q=0.8',
  'cookie' => 'PHPSESSID=4oe3i6uf5njp3pcp6k5bfan3v3; Hm_lvt_32e3cb4cf7e5c6772c4dc1f5d496b6af=1508203010; Hm_lpvt_32e3cb4cf7e5c6772c4dc1f5d496b6af=1508396252',
)
[ info ] [ PARAM ] array (
  'cardNo' => '',
  'name' => '',
  'idCardNo' => '',
  'phoneNo' => '',
  'amount' => '',
  'purpose' => '',
  'subContractId' => '',
  'orderId' => 'd1758601d31eae1502477d1431f524a7',
)
[ info ] [ CACHE ] INIT File
[ info ] [ RUN ] osc\merchant\controller\Daikou->daikou_pay[ D:\wamp64\www\dingsitong\oscshop\merchant\controller\Daikou.php ]
[ info ] [ LOG ] INIT File
